{"C:\\Users\\Philip\\Documents\\PKD-Project\\Code\\src\\adj_nodes.ts": {"path":"C:\\Users\\Philip\\Documents\\PKD-Project\\Code\\src\\adj_nodes.ts","statementMap":{"0":{"start":{"line":11,"column":0},"end":{"line":11,"column":16}},"1":{"start":{"line":1,"column":0},"end":{"line":1,"column":38}},"2":{"start":{"line":12,"column":25},"end":{"line":12,"column":30}},"3":{"start":{"line":13,"column":4},"end":{"line":15,"column":5}},"4":{"start":{"line":14,"column":8},"end":{"line":14,"column":null}},"5":{"start":{"line":17,"column":4},"end":{"line":21,"column":58}},"6":{"start":{"line":18,"column":8},"end":{"line":20,"column":9}},"7":{"start":{"line":19,"column":12},"end":{"line":19,"column":34}},"8":{"start":{"line":23,"column":4},"end":{"line":23,"column":26}}},"fnMap":{"0":{"name":"is_adj_node","decl":{"start":{"line":11,"column":16},"end":{"line":11,"column":27}},"loc":{"start":{"line":11,"column":73},"end":{"line":24,"column":1}}},"1":{"name":"(anonymous_1)","decl":{"start":{"line":17,"column":13},"end":{"line":17,"column":14}},"loc":{"start":{"line":17,"column":26},"end":{"line":21,"column":5}}}},"branchMap":{"0":{"loc":{"start":{"line":13,"column":4},"end":{"line":15,"column":5}},"type":"if","locations":[{"start":{"line":13,"column":4},"end":{"line":15,"column":5}}]},"1":{"loc":{"start":{"line":18,"column":8},"end":{"line":20,"column":9}},"type":"if","locations":[{"start":{"line":18,"column":8},"end":{"line":20,"column":9}}]}},"s":{"0":2,"1":2,"2":2,"3":2,"4":0,"5":2,"6":2,"7":1,"8":2},"f":{"0":2,"1":2},"b":{"0":[0],"1":[1]}}
,"C:\\Users\\Philip\\Documents\\PKD-Project\\Code\\src\\click.ts": {"path":"C:\\Users\\Philip\\Documents\\PKD-Project\\Code\\src\\click.ts","statementMap":{"0":{"start":{"line":24,"column":0},"end":{"line":24,"column":16}},"1":{"start":{"line":47,"column":0},"end":{"line":47,"column":16}},"2":{"start":{"line":59,"column":0},"end":{"line":59,"column":16}},"3":{"start":{"line":80,"column":0},"end":{"line":80,"column":16}},"4":{"start":{"line":121,"column":0},"end":{"line":121,"column":16}},"5":{"start":{"line":147,"column":0},"end":{"line":147,"column":16}},"6":{"start":{"line":164,"column":0},"end":{"line":164,"column":16}},"7":{"start":{"line":175,"column":0},"end":{"line":175,"column":16}},"8":{"start":{"line":207,"column":0},"end":{"line":207,"column":16}},"9":{"start":{"line":3,"column":0},"end":{"line":3,"column":52}},"10":{"start":{"line":4,"column":0},"end":{"line":4,"column":118}},"11":{"start":{"line":5,"column":0},"end":{"line":5,"column":56}},"12":{"start":{"line":6,"column":0},"end":{"line":6,"column":46}},"13":{"start":{"line":7,"column":0},"end":{"line":7,"column":46}},"14":{"start":{"line":8,"column":0},"end":{"line":8,"column":45}},"15":{"start":{"line":9,"column":0},"end":{"line":9,"column":49}},"16":{"start":{"line":10,"column":0},"end":{"line":10,"column":58}},"17":{"start":{"line":11,"column":0},"end":{"line":11,"column":48}},"18":{"start":{"line":12,"column":0},"end":{"line":12,"column":52}},"19":{"start":{"line":25,"column":4},"end":{"line":32,"column":5}},"20":{"start":{"line":26,"column":8},"end":{"line":26,"column":null}},"21":{"start":{"line":27,"column":17},"end":{"line":27,"column":35}},"22":{"start":{"line":28,"column":17},"end":{"line":28,"column":35}},"23":{"start":{"line":29,"column":8},"end":{"line":31,"column":9}},"24":{"start":{"line":30,"column":12},"end":{"line":30,"column":30}},"25":{"start":{"line":33,"column":4},"end":{"line":33,"column":21}},"26":{"start":{"line":48,"column":4},"end":{"line":50,"column":5}},"27":{"start":{"line":49,"column":8},"end":{"line":49,"column":null}},"28":{"start":{"line":51,"column":4},"end":{"line":51,"column":null}},"29":{"start":{"line":61,"column":4},"end":{"line":61,"column":null}},"30":{"start":{"line":62,"column":4},"end":{"line":72,"column":5}},"31":{"start":{"line":62,"column":16},"end":{"line":62,"column":17}},"32":{"start":{"line":63,"column":29},"end":{"line":63,"column":55}},"33":{"start":{"line":65,"column":8},"end":{"line":65,"column":73}},"34":{"start":{"line":66,"column":8},"end":{"line":71,"column":9}},"35":{"start":{"line":67,"column":12},"end":{"line":67,"column":49}},"36":{"start":{"line":68,"column":12},"end":{"line":68,"column":null}},"37":{"start":{"line":69,"column":12},"end":{"line":69,"column":67}},"38":{"start":{"line":70,"column":12},"end":{"line":70,"column":46}},"39":{"start":{"line":82,"column":12},"end":{"line":89,"column":13}},"40":{"start":{"line":84,"column":16},"end":{"line":84,"column":44}},"41":{"start":{"line":85,"column":16},"end":{"line":87,"column":17}},"42":{"start":{"line":86,"column":20},"end":{"line":86,"column":null}},"43":{"start":{"line":88,"column":16},"end":{"line":88,"column":48}},"44":{"start":{"line":91,"column":4},"end":{"line":112,"column":5}},"45":{"start":{"line":92,"column":8},"end":{"line":95,"column":13}},"46":{"start":{"line":93,"column":12},"end":{"line":93,"column":null}},"47":{"start":{"line":94,"column":12},"end":{"line":94,"column":87}},"48":{"start":{"line":97,"column":8},"end":{"line":97,"column":68}},"49":{"start":{"line":98,"column":8},"end":{"line":98,"column":47}},"50":{"start":{"line":102,"column":8},"end":{"line":111,"column":9}},"51":{"start":{"line":103,"column":12},"end":{"line":110,"column":13}},"52":{"start":{"line":104,"column":16},"end":{"line":104,"column":82}},"53":{"start":{"line":105,"column":16},"end":{"line":109,"column":17}},"54":{"start":{"line":107,"column":20},"end":{"line":107,"column":null}},"55":{"start":{"line":108,"column":20},"end":{"line":108,"column":95}},"56":{"start":{"line":122,"column":40},"end":{"line":122,"column":41}},"57":{"start":{"line":124,"column":4},"end":{"line":139,"column":5}},"58":{"start":{"line":126,"column":20},"end":{"line":126,"column":21}},"59":{"start":{"line":127,"column":8},"end":{"line":132,"column":9}},"60":{"start":{"line":128,"column":12},"end":{"line":130,"column":13}},"61":{"start":{"line":129,"column":16},"end":{"line":129,"column":21}},"62":{"start":{"line":131,"column":12},"end":{"line":131,"column":null}},"63":{"start":{"line":134,"column":33},"end":{"line":135,"column":14}},"64":{"start":{"line":136,"column":8},"end":{"line":136,"column":64}},"65":{"start":{"line":137,"column":8},"end":{"line":137,"column":61}},"66":{"start":{"line":138,"column":8},"end":{"line":138,"column":null}},"67":{"start":{"line":149,"column":4},"end":{"line":149,"column":null}},"68":{"start":{"line":151,"column":4},"end":{"line":151,"column":64}},"69":{"start":{"line":153,"column":30},"end":{"line":153,"column":125}},"70":{"start":{"line":155,"column":4},"end":{"line":156,"column":60}},"71":{"start":{"line":156,"column":8},"end":{"line":156,"column":60}},"72":{"start":{"line":158,"column":4},"end":{"line":159,"column":61}},"73":{"start":{"line":159,"column":8},"end":{"line":159,"column":60}},"74":{"start":{"line":165,"column":23},"end":{"line":165,"column":60}},"75":{"start":{"line":167,"column":4},"end":{"line":167,"column":85}},"76":{"start":{"line":169,"column":4},"end":{"line":171,"column":5}},"77":{"start":{"line":170,"column":8},"end":{"line":170,"column":50}},"78":{"start":{"line":172,"column":4},"end":{"line":172,"column":102}},"79":{"start":{"line":176,"column":4},"end":{"line":180,"column":13}},"80":{"start":{"line":177,"column":8},"end":{"line":179,"column":17}},"81":{"start":{"line":178,"column":12},"end":{"line":178,"column":null}},"82":{"start":{"line":181,"column":8},"end":{"line":192,"column":5}},"83":{"start":{"line":182,"column":12},"end":{"line":182,"column":null}},"84":{"start":{"line":184,"column":12},"end":{"line":191,"column":9}},"85":{"start":{"line":184,"column":22},"end":{"line":184,"column":23}},"86":{"start":{"line":185,"column":16},"end":{"line":190,"column":17}},"87":{"start":{"line":187,"column":20},"end":{"line":189,"column":21}},"88":{"start":{"line":188,"column":24},"end":{"line":188,"column":null}},"89":{"start":{"line":193,"column":4},"end":{"line":199,"column":5}},"90":{"start":{"line":194,"column":8},"end":{"line":194,"column":null}},"91":{"start":{"line":197,"column":8},"end":{"line":197,"column":34}},"92":{"start":{"line":198,"column":8},"end":{"line":198,"column":40}},"93":{"start":{"line":208,"column":4},"end":{"line":208,"column":null}},"94":{"start":{"line":209,"column":4},"end":{"line":209,"column":null}},"95":{"start":{"line":210,"column":4},"end":{"line":221,"column":5}},"96":{"start":{"line":210,"column":16},"end":{"line":210,"column":17}},"97":{"start":{"line":211,"column":8},"end":{"line":220,"column":9}},"98":{"start":{"line":212,"column":12},"end":{"line":219,"column":13}},"99":{"start":{"line":212,"column":24},"end":{"line":212,"column":25}},"100":{"start":{"line":213,"column":16},"end":{"line":215,"column":17}},"101":{"start":{"line":214,"column":20},"end":{"line":214,"column":59}},"102":{"start":{"line":216,"column":16},"end":{"line":216,"column":78}},"103":{"start":{"line":217,"column":16},"end":{"line":217,"column":null}},"104":{"start":{"line":218,"column":16},"end":{"line":218,"column":49}}},"fnMap":{"0":{"name":"get_clicked_node_index","decl":{"start":{"line":24,"column":16},"end":{"line":24,"column":38}},"loc":{"start":{"line":24,"column":80},"end":{"line":34,"column":1}}},"1":{"name":"mouse_in_rectangle","decl":{"start":{"line":47,"column":16},"end":{"line":47,"column":34}},"loc":{"start":{"line":47,"column":103},"end":{"line":52,"column":1}}},"2":{"name":"clicked_on_node","decl":{"start":{"line":59,"column":16},"end":{"line":59,"column":31}},"loc":{"start":{"line":59,"column":73},"end":{"line":73,"column":1}}},"3":{"name":"(anonymous_3)","decl":{"start":{"line":68,"column":84},"end":{"line":68,"column":86}},"loc":{"start":{"line":68,"column":88},"end":{"line":68,"column":90}}},"4":{"name":"(anonymous_4)","decl":{"start":{"line":68,"column":93},"end":{"line":68,"column":95}},"loc":{"start":{"line":68,"column":97},"end":{"line":68,"column":99}}},"5":{"name":"place_object_click_on","decl":{"start":{"line":80,"column":16},"end":{"line":80,"column":37}},"loc":{"start":{"line":80,"column":59},"end":{"line":113,"column":1}}},"6":{"name":"shop_item_block_click_on","decl":{"start":{"line":121,"column":16},"end":{"line":121,"column":40}},"loc":{"start":{"line":121,"column":93},"end":{"line":140,"column":1}}},"7":{"name":"inventory_item_click_on","decl":{"start":{"line":147,"column":16},"end":{"line":147,"column":39}},"loc":{"start":{"line":147,"column":76},"end":{"line":160,"column":1}}},"8":{"name":"submit_beavers_click_on","decl":{"start":{"line":164,"column":16},"end":{"line":164,"column":39}},"loc":{"start":{"line":164,"column":61},"end":{"line":173,"column":1}}},"9":{"name":"return_to_game_click_on_function","decl":{"start":{"line":175,"column":16},"end":{"line":175,"column":48}},"loc":{"start":{"line":175,"column":70},"end":{"line":201,"column":1}}},"10":{"name":"remove_shop_screen","decl":{"start":{"line":207,"column":16},"end":{"line":207,"column":34}},"loc":{"start":{"line":207,"column":56},"end":{"line":222,"column":1}}}},"branchMap":{"0":{"loc":{"start":{"line":29,"column":8},"end":{"line":31,"column":9}},"type":"if","locations":[{"start":{"line":29,"column":8},"end":{"line":31,"column":9}}]},"1":{"loc":{"start":{"line":48,"column":4},"end":{"line":50,"column":5}},"type":"if","locations":[{"start":{"line":48,"column":4},"end":{"line":50,"column":5}}]},"2":{"loc":{"start":{"line":48,"column":8},"end":{"line":48,"column":35}},"type":"binary-expr","locations":[{"start":{"line":48,"column":8},"end":{"line":48,"column":12}},{"start":{"line":48,"column":16},"end":{"line":48,"column":20}},{"start":{"line":48,"column":24},"end":{"line":48,"column":28}},{"start":{"line":48,"column":31},"end":{"line":48,"column":35}}]},"3":{"loc":{"start":{"line":66,"column":8},"end":{"line":71,"column":9}},"type":"if","locations":[{"start":{"line":66,"column":8},"end":{"line":71,"column":9}}]},"4":{"loc":{"start":{"line":82,"column":12},"end":{"line":89,"column":13}},"type":"if","locations":[{"start":{"line":82,"column":12},"end":{"line":89,"column":13}}]},"5":{"loc":{"start":{"line":82,"column":15},"end":{"line":83,"column":90}},"type":"binary-expr","locations":[{"start":{"line":82,"column":15},"end":{"line":82,"column":65}},{"start":{"line":83,"column":16},"end":{"line":83,"column":90}}]},"6":{"loc":{"start":{"line":82,"column":15},"end":{"line":82,"column":59}},"type":"cond-expr","locations":[{"start":{"line":82,"column":41},"end":{"line":82,"column":43}},{"start":{"line":82,"column":41},"end":{"line":82,"column":59}}]},"7":{"loc":{"start":{"line":82,"column":15},"end":{"line":82,"column":43}},"type":"binary-expr","locations":[{"start":{"line":82,"column":15},"end":{"line":82,"column":43}},{"start":{"line":82,"column":41},"end":{"line":82,"column":43}}]},"8":{"loc":{"start":{"line":91,"column":4},"end":{"line":112,"column":5}},"type":"if","locations":[{"start":{"line":91,"column":4},"end":{"line":112,"column":5}},{"start":{"line":100,"column":11},"end":{"line":112,"column":5}}]},"9":{"loc":{"start":{"line":92,"column":8},"end":{"line":95,"column":13}},"type":"if","locations":[{"start":{"line":92,"column":8},"end":{"line":95,"column":13}}]},"10":{"loc":{"start":{"line":103,"column":12},"end":{"line":110,"column":13}},"type":"if","locations":[{"start":{"line":103,"column":12},"end":{"line":110,"column":13}}]},"11":{"loc":{"start":{"line":105,"column":16},"end":{"line":109,"column":17}},"type":"if","locations":[{"start":{"line":105,"column":16},"end":{"line":109,"column":17}}]},"12":{"loc":{"start":{"line":124,"column":4},"end":{"line":139,"column":5}},"type":"if","locations":[{"start":{"line":124,"column":4},"end":{"line":139,"column":5}}]},"13":{"loc":{"start":{"line":124,"column":8},"end":{"line":124,"column":126}},"type":"binary-expr","locations":[{"start":{"line":124,"column":8},"end":{"line":124,"column":60}},{"start":{"line":124,"column":64},"end":{"line":124,"column":126}}]},"14":{"loc":{"start":{"line":128,"column":12},"end":{"line":130,"column":13}},"type":"if","locations":[{"start":{"line":128,"column":12},"end":{"line":130,"column":13}}]},"15":{"loc":{"start":{"line":155,"column":4},"end":{"line":156,"column":60}},"type":"if","locations":[{"start":{"line":155,"column":4},"end":{"line":156,"column":60}}]},"16":{"loc":{"start":{"line":155,"column":7},"end":{"line":155,"column":135}},"type":"binary-expr","locations":[{"start":{"line":155,"column":7},"end":{"line":155,"column":57}},{"start":{"line":155,"column":61},"end":{"line":155,"column":135}}]},"17":{"loc":{"start":{"line":155,"column":7},"end":{"line":155,"column":51}},"type":"cond-expr","locations":[{"start":{"line":155,"column":33},"end":{"line":155,"column":35}},{"start":{"line":155,"column":33},"end":{"line":155,"column":51}}]},"18":{"loc":{"start":{"line":155,"column":7},"end":{"line":155,"column":35}},"type":"binary-expr","locations":[{"start":{"line":155,"column":7},"end":{"line":155,"column":35}},{"start":{"line":155,"column":33},"end":{"line":155,"column":35}}]},"19":{"loc":{"start":{"line":158,"column":4},"end":{"line":159,"column":61}},"type":"if","locations":[{"start":{"line":158,"column":4},"end":{"line":159,"column":61}}]},"20":{"loc":{"start":{"line":158,"column":7},"end":{"line":158,"column":135}},"type":"binary-expr","locations":[{"start":{"line":158,"column":7},"end":{"line":158,"column":57}},{"start":{"line":158,"column":61},"end":{"line":158,"column":135}}]},"21":{"loc":{"start":{"line":158,"column":7},"end":{"line":158,"column":51}},"type":"cond-expr","locations":[{"start":{"line":158,"column":33},"end":{"line":158,"column":35}},{"start":{"line":158,"column":33},"end":{"line":158,"column":51}}]},"22":{"loc":{"start":{"line":158,"column":7},"end":{"line":158,"column":35}},"type":"binary-expr","locations":[{"start":{"line":158,"column":7},"end":{"line":158,"column":35}},{"start":{"line":158,"column":33},"end":{"line":158,"column":35}}]},"23":{"loc":{"start":{"line":169,"column":4},"end":{"line":171,"column":5}},"type":"if","locations":[{"start":{"line":169,"column":4},"end":{"line":171,"column":5}}]},"24":{"loc":{"start":{"line":177,"column":8},"end":{"line":179,"column":17}},"type":"if","locations":[{"start":{"line":177,"column":8},"end":{"line":179,"column":17}}]},"25":{"loc":{"start":{"line":177,"column":11},"end":{"line":177,"column":43}},"type":"cond-expr","locations":[{"start":{"line":177,"column":25},"end":{"line":177,"column":27}},{"start":{"line":177,"column":11},"end":{"line":177,"column":43}}]},"26":{"loc":{"start":{"line":177,"column":11},"end":{"line":177,"column":27}},"type":"binary-expr","locations":[{"start":{"line":177,"column":11},"end":{"line":177,"column":27}},{"start":{"line":177,"column":11},"end":{"line":177,"column":27}}]},"27":{"loc":{"start":{"line":181,"column":8},"end":{"line":192,"column":5}},"type":"if","locations":[{"start":{"line":181,"column":8},"end":{"line":192,"column":5}},{"start":{"line":183,"column":13},"end":{"line":192,"column":5}}]},"28":{"loc":{"start":{"line":185,"column":16},"end":{"line":190,"column":17}},"type":"if","locations":[{"start":{"line":185,"column":16},"end":{"line":190,"column":17}}]},"29":{"loc":{"start":{"line":187,"column":20},"end":{"line":189,"column":21}},"type":"if","locations":[{"start":{"line":187,"column":20},"end":{"line":189,"column":21}}]},"30":{"loc":{"start":{"line":193,"column":4},"end":{"line":199,"column":5}},"type":"if","locations":[{"start":{"line":193,"column":4},"end":{"line":199,"column":5}},{"start":{"line":196,"column":8},"end":{"line":199,"column":5}}]},"31":{"loc":{"start":{"line":211,"column":8},"end":{"line":220,"column":9}},"type":"if","locations":[{"start":{"line":211,"column":8},"end":{"line":220,"column":9}}]},"32":{"loc":{"start":{"line":213,"column":16},"end":{"line":215,"column":17}},"type":"if","locations":[{"start":{"line":213,"column":16},"end":{"line":215,"column":17}}]}},"s":{"0":2,"1":2,"2":2,"3":2,"4":2,"5":2,"6":2,"7":2,"8":2,"9":2,"10":2,"11":2,"12":2,"13":2,"14":2,"15":2,"16":2,"17":2,"18":2,"19":0,"20":0,"21":0,"22":0,"23":0,"24":0,"25":0,"26":0,"27":0,"28":0,"29":0,"30":0,"31":0,"32":0,"33":0,"34":0,"35":0,"36":0,"37":0,"38":0,"39":0,"40":0,"41":0,"42":0,"43":0,"44":0,"45":0,"46":0,"47":0,"48":0,"49":0,"50":0,"51":0,"52":0,"53":0,"54":0,"55":0,"56":0,"57":0,"58":0,"59":0,"60":0,"61":0,"62":0,"63":0,"64":0,"65":0,"66":0,"67":0,"68":0,"69":0,"70":0,"71":0,"72":0,"73":0,"74":0,"75":0,"76":0,"77":0,"78":0,"79":0,"80":0,"81":0,"82":0,"83":0,"84":0,"85":0,"86":0,"87":0,"88":0,"89":0,"90":0,"91":0,"92":0,"93":0,"94":0,"95":0,"96":0,"97":0,"98":0,"99":0,"100":0,"101":0,"102":0,"103":0,"104":0},"f":{"0":0,"1":0,"2":0,"3":0,"4":0,"5":0,"6":0,"7":0,"8":0,"9":0,"10":0},"b":{"0":[0],"1":[0],"2":[0,0,0,0],"3":[0],"4":[0],"5":[0,0],"6":[0,0],"7":[0,0],"8":[0,0],"9":[0],"10":[0],"11":[0],"12":[0],"13":[0,0],"14":[0],"15":[0],"16":[0,0],"17":[0,0],"18":[0,0],"19":[0],"20":[0,0],"21":[0,0],"22":[0,0],"23":[0],"24":[0],"25":[0,0],"26":[0,0],"27":[0,0],"28":[0],"29":[0],"30":[0,0],"31":[0],"32":[0]}}
,"C:\\Users\\Philip\\Documents\\PKD-Project\\Code\\src\\contructors.ts": {"path":"C:\\Users\\Philip\\Documents\\PKD-Project\\Code\\src\\contructors.ts","statementMap":{"0":{"start":{"line":17,"column":0},"end":{"line":17,"column":16}},"1":{"start":{"line":30,"column":0},"end":{"line":30,"column":16}},"2":{"start":{"line":43,"column":0},"end":{"line":43,"column":16}},"3":{"start":{"line":67,"column":0},"end":{"line":67,"column":16}},"4":{"start":{"line":75,"column":0},"end":{"line":75,"column":16}},"5":{"start":{"line":83,"column":0},"end":{"line":83,"column":16}},"6":{"start":{"line":91,"column":0},"end":{"line":91,"column":16}},"7":{"start":{"line":99,"column":0},"end":{"line":99,"column":16}},"8":{"start":{"line":108,"column":0},"end":{"line":108,"column":16}},"9":{"start":{"line":119,"column":0},"end":{"line":119,"column":16}},"10":{"start":{"line":133,"column":0},"end":{"line":133,"column":16}},"11":{"start":{"line":144,"column":0},"end":{"line":144,"column":16}},"12":{"start":{"line":157,"column":0},"end":{"line":157,"column":16}},"13":{"start":{"line":185,"column":0},"end":{"line":185,"column":16}},"14":{"start":{"line":4,"column":0},"end":{"line":4,"column":147}},"15":{"start":{"line":5,"column":0},"end":{"line":5,"column":84}},"16":{"start":{"line":6,"column":0},"end":{"line":6,"column":54}},"17":{"start":{"line":7,"column":0},"end":{"line":7,"column":96}},"18":{"start":{"line":8,"column":0},"end":{"line":8,"column":49}},"19":{"start":{"line":18,"column":4},"end":{"line":18,"column":null}},"20":{"start":{"line":31,"column":4},"end":{"line":31,"column":null}},"21":{"start":{"line":44,"column":4},"end":{"line":53,"column":null}},"22":{"start":{"line":68,"column":4},"end":{"line":68,"column":null}},"23":{"start":{"line":76,"column":4},"end":{"line":76,"column":null}},"24":{"start":{"line":84,"column":4},"end":{"line":84,"column":null}},"25":{"start":{"line":92,"column":4},"end":{"line":92,"column":null}},"26":{"start":{"line":100,"column":4},"end":{"line":100,"column":null}},"27":{"start":{"line":109,"column":13},"end":{"line":109,"column":84}},"28":{"start":{"line":110,"column":4},"end":{"line":110,"column":40}},"29":{"start":{"line":111,"column":4},"end":{"line":111,"column":null}},"30":{"start":{"line":120,"column":18},"end":{"line":120,"column":105}},"31":{"start":{"line":121,"column":4},"end":{"line":121,"column":45}},"32":{"start":{"line":122,"column":4},"end":{"line":122,"column":21}},"33":{"start":{"line":134,"column":4},"end":{"line":134,"column":62}},"34":{"start":{"line":145,"column":4},"end":{"line":145,"column":null}},"35":{"start":{"line":158,"column":14},"end":{"line":158,"column":30}},"36":{"start":{"line":159,"column":4},"end":{"line":159,"column":36}},"37":{"start":{"line":161,"column":19},"end":{"line":161,"column":54}},"38":{"start":{"line":163,"column":4},"end":{"line":177,"column":5}},"39":{"start":{"line":164,"column":8},"end":{"line":164,"column":38}},"40":{"start":{"line":165,"column":8},"end":{"line":169,"column":null}},"41":{"start":{"line":167,"column":74},"end":{"line":168,"column":57}},"42":{"start":{"line":168,"column":13},"end":{"line":168,"column":57}},"43":{"start":{"line":172,"column":8},"end":{"line":176,"column":null}},"44":{"start":{"line":174,"column":74},"end":{"line":175,"column":57}},"45":{"start":{"line":175,"column":13},"end":{"line":175,"column":57}},"46":{"start":{"line":187,"column":17},"end":{"line":187,"column":36}},"47":{"start":{"line":188,"column":17},"end":{"line":188,"column":36}},"48":{"start":{"line":189,"column":17},"end":{"line":189,"column":40}},"49":{"start":{"line":190,"column":17},"end":{"line":190,"column":43}},"50":{"start":{"line":191,"column":20},"end":{"line":191,"column":39}},"51":{"start":{"line":192,"column":4},"end":{"line":232,"column":6}},"52":{"start":{"line":194,"column":8},"end":{"line":205,"column":9}},"53":{"start":{"line":195,"column":12},"end":{"line":195,"column":null}},"54":{"start":{"line":196,"column":12},"end":{"line":198,"column":13}},"55":{"start":{"line":197,"column":16},"end":{"line":197,"column":null}},"56":{"start":{"line":199,"column":12},"end":{"line":204,"column":13}},"57":{"start":{"line":200,"column":16},"end":{"line":200,"column":null}},"58":{"start":{"line":201,"column":16},"end":{"line":201,"column":null}},"59":{"start":{"line":202,"column":16},"end":{"line":202,"column":null}},"60":{"start":{"line":203,"column":16},"end":{"line":203,"column":51}},"61":{"start":{"line":207,"column":21},"end":{"line":207,"column":26}},"62":{"start":{"line":208,"column":21},"end":{"line":208,"column":27}},"63":{"start":{"line":211,"column":8},"end":{"line":224,"column":9}},"64":{"start":{"line":212,"column":21},"end":{"line":212,"column":43}},"65":{"start":{"line":213,"column":21},"end":{"line":213,"column":43}},"66":{"start":{"line":214,"column":23},"end":{"line":214,"column":51}},"67":{"start":{"line":216,"column":12},"end":{"line":223,"column":13}},"68":{"start":{"line":217,"column":16},"end":{"line":217,"column":51}},"69":{"start":{"line":218,"column":16},"end":{"line":218,"column":51}},"70":{"start":{"line":220,"column":16},"end":{"line":220,"column":39}},"71":{"start":{"line":221,"column":16},"end":{"line":221,"column":null}},"72":{"start":{"line":222,"column":16},"end":{"line":222,"column":null}},"73":{"start":{"line":225,"column":8},"end":{"line":228,"column":9}},"74":{"start":{"line":226,"column":12},"end":{"line":226,"column":null}},"75":{"start":{"line":227,"column":12},"end":{"line":227,"column":null}},"76":{"start":{"line":230,"column":8},"end":{"line":230,"column":43}},"77":{"start":{"line":231,"column":8},"end":{"line":231,"column":100}}},"fnMap":{"0":{"name":"construct_collectable","decl":{"start":{"line":17,"column":16},"end":{"line":17,"column":37}},"loc":{"start":{"line":17,"column":65},"end":{"line":19,"column":1}}},"1":{"name":"construct_inode","decl":{"start":{"line":30,"column":16},"end":{"line":30,"column":31}},"loc":{"start":{"line":30,"column":128},"end":{"line":32,"column":1}}},"2":{"name":"construct_node_object","decl":{"start":{"line":43,"column":16},"end":{"line":43,"column":37}},"loc":{"start":{"line":43,"column":169},"end":{"line":54,"column":1}}},"3":{"name":"construct_rectangle","decl":{"start":{"line":67,"column":16},"end":{"line":67,"column":35}},"loc":{"start":{"line":67,"column":142},"end":{"line":69,"column":1}}},"4":{"name":"test_trap_constructor","decl":{"start":{"line":75,"column":16},"end":{"line":75,"column":37}},"loc":{"start":{"line":75,"column":37},"end":{"line":77,"column":1}}},"5":{"name":"construct_level_1_trap","decl":{"start":{"line":83,"column":16},"end":{"line":83,"column":38}},"loc":{"start":{"line":83,"column":38},"end":{"line":85,"column":1}}},"6":{"name":"construct_dagger","decl":{"start":{"line":91,"column":16},"end":{"line":91,"column":32}},"loc":{"start":{"line":91,"column":32},"end":{"line":93,"column":1}}},"7":{"name":"(anonymous_7)","decl":{"start":{"line":92,"column":58},"end":{"line":92,"column":60}},"loc":{"start":{"line":92,"column":62},"end":{"line":92,"column":64}}},"8":{"name":"(anonymous_8)","decl":{"start":{"line":92,"column":66},"end":{"line":92,"column":68}},"loc":{"start":{"line":92,"column":70},"end":{"line":92,"column":72}}},"9":{"name":"construct_ring","decl":{"start":{"line":99,"column":16},"end":{"line":99,"column":30}},"loc":{"start":{"line":99,"column":30},"end":{"line":101,"column":1}}},"10":{"name":"(anonymous_10)","decl":{"start":{"line":100,"column":56},"end":{"line":100,"column":59}},"loc":{"start":{"line":100,"column":61},"end":{"line":100,"column":64}}},"11":{"name":"(anonymous_11)","decl":{"start":{"line":100,"column":66},"end":{"line":100,"column":69}},"loc":{"start":{"line":100,"column":71},"end":{"line":100,"column":74}}},"12":{"name":"construct_wolf","decl":{"start":{"line":108,"column":16},"end":{"line":108,"column":30}},"loc":{"start":{"line":108,"column":45},"end":{"line":112,"column":1}}},"13":{"name":"construct_detective","decl":{"start":{"line":119,"column":16},"end":{"line":119,"column":35}},"loc":{"start":{"line":119,"column":50},"end":{"line":122,"column":21}}},"14":{"name":"construct_inventory_items","decl":{"start":{"line":133,"column":16},"end":{"line":133,"column":41}},"loc":{"start":{"line":133,"column":99},"end":{"line":135,"column":1}}},"15":{"name":"construct_shop_item_block","decl":{"start":{"line":144,"column":16},"end":{"line":144,"column":41}},"loc":{"start":{"line":144,"column":100},"end":{"line":146,"column":1}}},"16":{"name":"construct_beaver_icon_animations","decl":{"start":{"line":157,"column":16},"end":{"line":157,"column":48}},"loc":{"start":{"line":157,"column":173},"end":{"line":178,"column":1}}},"17":{"name":"(anonymous_17)","decl":{"start":{"line":167,"column":69},"end":{"line":167,"column":71}},"loc":{"start":{"line":167,"column":73},"end":{"line":168,"column":58}}},"18":{"name":"(anonymous_18)","decl":{"start":{"line":174,"column":69},"end":{"line":174,"column":71}},"loc":{"start":{"line":174,"column":73},"end":{"line":175,"column":58}}},"19":{"name":"construct_beaver_move_function","decl":{"start":{"line":185,"column":16},"end":{"line":185,"column":46}},"loc":{"start":{"line":185,"column":46},"end":{"line":234,"column":1}}},"20":{"name":"(anonymous_20)","decl":{"start":{"line":192,"column":11},"end":{"line":192,"column":12}},"loc":{"start":{"line":192,"column":73},"end":{"line":232,"column":5}}}},"branchMap":{"0":{"loc":{"start":{"line":43,"column":142},"end":{"line":43,"column":169}},"type":"default-arg","locations":[{"start":{"line":43,"column":168},"end":{"line":43,"column":169}}]},"1":{"loc":{"start":{"line":163,"column":4},"end":{"line":177,"column":5}},"type":"if","locations":[{"start":{"line":163,"column":4},"end":{"line":177,"column":5}},{"start":{"line":170,"column":9},"end":{"line":177,"column":5}}]},"2":{"loc":{"start":{"line":163,"column":8},"end":{"line":163,"column":48}},"type":"binary-expr","locations":[{"start":{"line":163,"column":8},"end":{"line":163,"column":25}},{"start":{"line":163,"column":29},"end":{"line":163,"column":48}}]},"3":{"loc":{"start":{"line":167,"column":74},"end":{"line":168,"column":57}},"type":"if","locations":[{"start":{"line":167,"column":74},"end":{"line":168,"column":57}}]},"4":{"loc":{"start":{"line":174,"column":74},"end":{"line":175,"column":57}},"type":"if","locations":[{"start":{"line":174,"column":74},"end":{"line":175,"column":57}}]},"5":{"loc":{"start":{"line":194,"column":8},"end":{"line":205,"column":9}},"type":"if","locations":[{"start":{"line":194,"column":8},"end":{"line":205,"column":9}}]},"6":{"loc":{"start":{"line":196,"column":12},"end":{"line":198,"column":13}},"type":"if","locations":[{"start":{"line":196,"column":12},"end":{"line":198,"column":13}}]},"7":{"loc":{"start":{"line":196,"column":16},"end":{"line":196,"column":48}},"type":"binary-expr","locations":[{"start":{"line":196,"column":16},"end":{"line":196,"column":30}},{"start":{"line":196,"column":34},"end":{"line":196,"column":48}}]},"8":{"loc":{"start":{"line":199,"column":12},"end":{"line":204,"column":13}},"type":"if","locations":[{"start":{"line":199,"column":12},"end":{"line":204,"column":13}}]},"9":{"loc":{"start":{"line":211,"column":8},"end":{"line":224,"column":9}},"type":"if","locations":[{"start":{"line":211,"column":8},"end":{"line":224,"column":9}}]},"10":{"loc":{"start":{"line":211,"column":12},"end":{"line":211,"column":56}},"type":"binary-expr","locations":[{"start":{"line":211,"column":12},"end":{"line":211,"column":32}},{"start":{"line":211,"column":36},"end":{"line":211,"column":56}}]},"11":{"loc":{"start":{"line":216,"column":12},"end":{"line":223,"column":13}},"type":"if","locations":[{"start":{"line":216,"column":12},"end":{"line":223,"column":13}},{"start":{"line":219,"column":17},"end":{"line":223,"column":13}}]},"12":{"loc":{"start":{"line":225,"column":8},"end":{"line":228,"column":9}},"type":"if","locations":[{"start":{"line":225,"column":8},"end":{"line":228,"column":9}}]}},"s":{"0":2,"1":2,"2":2,"3":2,"4":2,"5":2,"6":2,"7":2,"8":2,"9":2,"10":2,"11":2,"12":2,"13":2,"14":2,"15":2,"16":2,"17":2,"18":2,"19":7,"20":2,"21":16,"22":6,"23":1,"24":2,"25":1,"26":3,"27":2,"28":2,"29":2,"30":2,"31":2,"32":2,"33":2,"34":2,"35":0,"36":0,"37":0,"38":0,"39":0,"40":0,"41":0,"42":0,"43":0,"44":0,"45":0,"46":0,"47":0,"48":0,"49":0,"50":0,"51":0,"52":0,"53":0,"54":0,"55":0,"56":0,"57":0,"58":0,"59":0,"60":0,"61":0,"62":0,"63":0,"64":0,"65":0,"66":0,"67":0,"68":0,"69":0,"70":0,"71":0,"72":0,"73":0,"74":0,"75":0,"76":0,"77":0},"f":{"0":7,"1":2,"2":16,"3":6,"4":1,"5":2,"6":1,"7":0,"8":0,"9":3,"10":0,"11":0,"12":2,"13":2,"14":2,"15":2,"16":0,"17":0,"18":0,"19":0,"20":0},"b":{"0":[4],"1":[0,0],"2":[0,0],"3":[0],"4":[0],"5":[0],"6":[0],"7":[0,0],"8":[0],"9":[0],"10":[0,0],"11":[0,0],"12":[0]}}
,"C:\\Users\\Philip\\Documents\\PKD-Project\\Code\\src\\detective.ts": {"path":"C:\\Users\\Philip\\Documents\\PKD-Project\\Code\\src\\detective.ts","statementMap":{"0":{"start":{"line":9,"column":0},"end":{"line":9,"column":16}},"1":{"start":{"line":37,"column":0},"end":{"line":37,"column":16}},"2":{"start":{"line":1,"column":0},"end":{"line":1,"column":61}},"3":{"start":{"line":10,"column":4},"end":{"line":29,"column":5}},"4":{"start":{"line":10,"column":16},"end":{"line":10,"column":50}},"5":{"start":{"line":11,"column":29},"end":{"line":11,"column":55}},"6":{"start":{"line":12,"column":8},"end":{"line":28,"column":9}},"7":{"start":{"line":12,"column":29},"end":{"line":12,"column":30}},"8":{"start":{"line":13,"column":12},"end":{"line":27,"column":13}},"9":{"start":{"line":17,"column":32},"end":{"line":17,"column":63}},"10":{"start":{"line":19,"column":35},"end":{"line":19,"column":62}},"11":{"start":{"line":21,"column":16},"end":{"line":21,"column":58}},"12":{"start":{"line":23,"column":36},"end":{"line":23,"column":113}},"13":{"start":{"line":24,"column":16},"end":{"line":26,"column":17}},"14":{"start":{"line":25,"column":20},"end":{"line":25,"column":87}},"15":{"start":{"line":39,"column":34},"end":{"line":39,"column":36}},"16":{"start":{"line":41,"column":4},"end":{"line":49,"column":5}},"17":{"start":{"line":41,"column":16},"end":{"line":41,"column":17}},"18":{"start":{"line":42,"column":29},"end":{"line":42,"column":55}},"19":{"start":{"line":43,"column":8},"end":{"line":48,"column":9}},"20":{"start":{"line":43,"column":29},"end":{"line":43,"column":30}},"21":{"start":{"line":45,"column":12},"end":{"line":47,"column":13}},"22":{"start":{"line":46,"column":16},"end":{"line":46,"column":48}},"23":{"start":{"line":50,"column":4},"end":{"line":50,"column":35}}},"fnMap":{"0":{"name":"detective_walk","decl":{"start":{"line":9,"column":16},"end":{"line":9,"column":30}},"loc":{"start":{"line":9,"column":52},"end":{"line":30,"column":1}}},"1":{"name":"get_detective_nodes_indexes","decl":{"start":{"line":37,"column":16},"end":{"line":37,"column":43}},"loc":{"start":{"line":37,"column":65},"end":{"line":51,"column":1}}}},"branchMap":{"0":{"loc":{"start":{"line":13,"column":12},"end":{"line":27,"column":13}},"type":"if","locations":[{"start":{"line":13,"column":12},"end":{"line":27,"column":13}}]},"1":{"loc":{"start":{"line":13,"column":16},"end":{"line":13,"column":92}},"type":"binary-expr","locations":[{"start":{"line":13,"column":16},"end":{"line":13,"column":59}},{"start":{"line":13,"column":63},"end":{"line":13,"column":92}}]},"2":{"loc":{"start":{"line":24,"column":16},"end":{"line":26,"column":17}},"type":"if","locations":[{"start":{"line":24,"column":16},"end":{"line":26,"column":17}}]},"3":{"loc":{"start":{"line":45,"column":12},"end":{"line":47,"column":13}},"type":"if","locations":[{"start":{"line":45,"column":12},"end":{"line":47,"column":13}}]}},"s":{"0":2,"1":2,"2":2,"3":1,"4":1,"5":0,"6":0,"7":0,"8":0,"9":0,"10":0,"11":0,"12":0,"13":0,"14":0,"15":0,"16":0,"17":0,"18":0,"19":0,"20":0,"21":0,"22":0,"23":0},"f":{"0":1,"1":0},"b":{"0":[0],"1":[0,0],"2":[0],"3":[0]}}
,"C:\\Users\\Philip\\Documents\\PKD-Project\\Code\\src\\draw.ts": {"path":"C:\\Users\\Philip\\Documents\\PKD-Project\\Code\\src\\draw.ts","statementMap":{"0":{"start":{"line":18,"column":0},"end":{"line":18,"column":16}},"1":{"start":{"line":117,"column":0},"end":{"line":117,"column":16}},"2":{"start":{"line":168,"column":0},"end":{"line":168,"column":16}},"3":{"start":{"line":200,"column":0},"end":{"line":200,"column":16}},"4":{"start":{"line":327,"column":0},"end":{"line":327,"column":16}},"5":{"start":{"line":342,"column":0},"end":{"line":342,"column":16}},"6":{"start":{"line":357,"column":0},"end":{"line":357,"column":16}},"7":{"start":{"line":379,"column":0},"end":{"line":379,"column":16}},"8":{"start":{"line":392,"column":0},"end":{"line":392,"column":16}},"9":{"start":{"line":412,"column":0},"end":{"line":412,"column":16}},"10":{"start":{"line":426,"column":0},"end":{"line":426,"column":16}},"11":{"start":{"line":1,"column":0},"end":{"line":1,"column":42}},"12":{"start":{"line":3,"column":0},"end":{"line":3,"column":44}},"13":{"start":{"line":4,"column":0},"end":{"line":4,"column":36}},"14":{"start":{"line":7,"column":0},"end":{"line":7,"column":58}},"15":{"start":{"line":9,"column":13},"end":{"line":9,"column":84}},"16":{"start":{"line":10,"column":13},"end":{"line":10,"column":44}},"17":{"start":{"line":19,"column":4},"end":{"line":19,"column":21}},"18":{"start":{"line":19,"column":14},"end":{"line":19,"column":21}},"19":{"start":{"line":22,"column":4},"end":{"line":22,"column":55}},"20":{"start":{"line":23,"column":4},"end":{"line":38,"column":5}},"21":{"start":{"line":24,"column":8},"end":{"line":24,"column":null}},"22":{"start":{"line":26,"column":9},"end":{"line":38,"column":5}},"23":{"start":{"line":27,"column":8},"end":{"line":27,"column":null}},"24":{"start":{"line":30,"column":8},"end":{"line":35,"column":9}},"25":{"start":{"line":31,"column":25},"end":{"line":31,"column":70}},"26":{"start":{"line":32,"column":12},"end":{"line":34,"column":13}},"27":{"start":{"line":33,"column":16},"end":{"line":33,"column":null}},"28":{"start":{"line":36,"column":8},"end":{"line":36,"column":45}},"29":{"start":{"line":37,"column":8},"end":{"line":37,"column":45}},"30":{"start":{"line":50,"column":4},"end":{"line":52,"column":5}},"31":{"start":{"line":51,"column":8},"end":{"line":51,"column":15}},"32":{"start":{"line":55,"column":22},"end":{"line":55,"column":73}},"33":{"start":{"line":56,"column":17},"end":{"line":56,"column":31}},"34":{"start":{"line":57,"column":4},"end":{"line":57,"column":22}},"35":{"start":{"line":59,"column":4},"end":{"line":65,"column":5}},"36":{"start":{"line":59,"column":17},"end":{"line":59,"column":18}},"37":{"start":{"line":60,"column":18},"end":{"line":60,"column":46}},"38":{"start":{"line":61,"column":18},"end":{"line":61,"column":47}},"39":{"start":{"line":62,"column":26},"end":{"line":62,"column":45}},"40":{"start":{"line":63,"column":8},"end":{"line":63,"column":78}},"41":{"start":{"line":64,"column":8},"end":{"line":64,"column":33}},"42":{"start":{"line":67,"column":4},"end":{"line":73,"column":5}},"43":{"start":{"line":67,"column":17},"end":{"line":67,"column":18}},"44":{"start":{"line":68,"column":18},"end":{"line":68,"column":46}},"45":{"start":{"line":69,"column":18},"end":{"line":69,"column":47}},"46":{"start":{"line":70,"column":26},"end":{"line":70,"column":45}},"47":{"start":{"line":71,"column":8},"end":{"line":71,"column":45}},"48":{"start":{"line":72,"column":8},"end":{"line":72,"column":63}},"49":{"start":{"line":76,"column":4},"end":{"line":87,"column":5}},"50":{"start":{"line":77,"column":8},"end":{"line":86,"column":9}},"51":{"start":{"line":77,"column":21},"end":{"line":77,"column":22}},"52":{"start":{"line":78,"column":12},"end":{"line":78,"column":44}},"53":{"start":{"line":79,"column":12},"end":{"line":79,"column":51}},"54":{"start":{"line":80,"column":12},"end":{"line":80,"column":28}},"55":{"start":{"line":81,"column":18},"end":{"line":81,"column":46}},"56":{"start":{"line":82,"column":12},"end":{"line":82,"column":29}},"57":{"start":{"line":83,"column":12},"end":{"line":83,"column":41}},"58":{"start":{"line":84,"column":12},"end":{"line":84,"column":25}},"59":{"start":{"line":85,"column":12},"end":{"line":85,"column":null}},"60":{"start":{"line":90,"column":21},"end":{"line":92,"column":null}},"61":{"start":{"line":95,"column":4},"end":{"line":95,"column":46}},"62":{"start":{"line":96,"column":4},"end":{"line":96,"column":48}},"63":{"start":{"line":97,"column":4},"end":{"line":97,"column":29}},"64":{"start":{"line":98,"column":4},"end":{"line":98,"column":52}},"65":{"start":{"line":118,"column":4},"end":{"line":118,"column":37}},"66":{"start":{"line":119,"column":4},"end":{"line":119,"column":38}},"67":{"start":{"line":120,"column":4},"end":{"line":120,"column":36}},"68":{"start":{"line":129,"column":12},"end":{"line":129,"column":16}},"69":{"start":{"line":130,"column":12},"end":{"line":130,"column":15}},"70":{"start":{"line":131,"column":4},"end":{"line":159,"column":5}},"71":{"start":{"line":131,"column":14},"end":{"line":131,"column":15}},"72":{"start":{"line":132,"column":31},"end":{"line":132,"column":61}},"73":{"start":{"line":133,"column":8},"end":{"line":158,"column":9}},"74":{"start":{"line":135,"column":12},"end":{"line":135,"column":36}},"75":{"start":{"line":136,"column":12},"end":{"line":136,"column":37}},"76":{"start":{"line":137,"column":12},"end":{"line":137,"column":37}},"77":{"start":{"line":138,"column":12},"end":{"line":138,"column":40}},"78":{"start":{"line":139,"column":12},"end":{"line":139,"column":103}},"79":{"start":{"line":141,"column":12},"end":{"line":141,"column":null}},"80":{"start":{"line":143,"column":12},"end":{"line":155,"column":13}},"81":{"start":{"line":145,"column":16},"end":{"line":145,"column":58}},"82":{"start":{"line":146,"column":16},"end":{"line":149,"column":68}},"83":{"start":{"line":151,"column":16},"end":{"line":154,"column":70}},"84":{"start":{"line":156,"column":12},"end":{"line":156,"column":58}},"85":{"start":{"line":157,"column":12},"end":{"line":157,"column":20}},"86":{"start":{"line":171,"column":8},"end":{"line":171,"column":91}},"87":{"start":{"line":175,"column":8},"end":{"line":176,"column":106}},"88":{"start":{"line":178,"column":8},"end":{"line":179,"column":106}},"89":{"start":{"line":183,"column":8},"end":{"line":183,"column":31}},"90":{"start":{"line":184,"column":8},"end":{"line":184,"column":135}},"91":{"start":{"line":185,"column":8},"end":{"line":185,"column":108}},"92":{"start":{"line":189,"column":4},"end":{"line":189,"column":25}},"93":{"start":{"line":190,"column":4},"end":{"line":190,"column":31}},"94":{"start":{"line":191,"column":4},"end":{"line":191,"column":24}},"95":{"start":{"line":205,"column":28},"end":{"line":205,"column":67}},"96":{"start":{"line":206,"column":8},"end":{"line":263,"column":9}},"97":{"start":{"line":206,"column":20},"end":{"line":206,"column":21}},"98":{"start":{"line":209,"column":12},"end":{"line":209,"column":36}},"99":{"start":{"line":210,"column":31},"end":{"line":210,"column":57}},"100":{"start":{"line":211,"column":28},"end":{"line":211,"column":55}},"101":{"start":{"line":213,"column":12},"end":{"line":213,"column":38}},"102":{"start":{"line":215,"column":12},"end":{"line":262,"column":null}},"103":{"start":{"line":217,"column":31},"end":{"line":217,"column":65}},"104":{"start":{"line":218,"column":32},"end":{"line":218,"column":34}},"105":{"start":{"line":219,"column":30},"end":{"line":219,"column":84}},"106":{"start":{"line":222,"column":31},"end":{"line":222,"column":57}},"107":{"start":{"line":223,"column":31},"end":{"line":223,"column":57}},"108":{"start":{"line":224,"column":32},"end":{"line":224,"column":80}},"109":{"start":{"line":225,"column":32},"end":{"line":225,"column":80}},"110":{"start":{"line":226,"column":32},"end":{"line":226,"column":80}},"111":{"start":{"line":227,"column":32},"end":{"line":227,"column":80}},"112":{"start":{"line":230,"column":20},"end":{"line":230,"column":47}},"113":{"start":{"line":231,"column":20},"end":{"line":231,"column":49}},"114":{"start":{"line":232,"column":20},"end":{"line":232,"column":47}},"115":{"start":{"line":233,"column":20},"end":{"line":233,"column":49}},"116":{"start":{"line":234,"column":20},"end":{"line":234,"column":33}},"117":{"start":{"line":238,"column":16},"end":{"line":238,"column":36}},"118":{"start":{"line":239,"column":16},"end":{"line":239,"column":32}},"119":{"start":{"line":240,"column":16},"end":{"line":240,"column":45}},"120":{"start":{"line":241,"column":16},"end":{"line":241,"column":51}},"121":{"start":{"line":242,"column":16},"end":{"line":242,"column":29}},"122":{"start":{"line":246,"column":16},"end":{"line":253,"column":17}},"123":{"start":{"line":247,"column":38},"end":{"line":247,"column":72}},"124":{"start":{"line":248,"column":20},"end":{"line":252,"column":21}},"125":{"start":{"line":249,"column":24},"end":{"line":249,"column":62}},"126":{"start":{"line":250,"column":24},"end":{"line":250,"column":37}},"127":{"start":{"line":255,"column":16},"end":{"line":258,"column":17}},"128":{"start":{"line":255,"column":50},"end":{"line":255,"column":78}},"129":{"start":{"line":256,"column":20},"end":{"line":256,"column":58}},"130":{"start":{"line":257,"column":20},"end":{"line":257,"column":33}},"131":{"start":{"line":261,"column":16},"end":{"line":261,"column":29}},"132":{"start":{"line":270,"column":8},"end":{"line":289,"column":9}},"133":{"start":{"line":270,"column":20},"end":{"line":270,"column":21}},"134":{"start":{"line":271,"column":31},"end":{"line":271,"column":57}},"135":{"start":{"line":272,"column":27},"end":{"line":272,"column":29}},"136":{"start":{"line":273,"column":32},"end":{"line":273,"column":33}},"137":{"start":{"line":274,"column":30},"end":{"line":274,"column":41}},"138":{"start":{"line":276,"column":12},"end":{"line":276,"column":28}},"139":{"start":{"line":277,"column":12},"end":{"line":277,"column":70}},"140":{"start":{"line":279,"column":12},"end":{"line":279,"column":49}},"141":{"start":{"line":280,"column":12},"end":{"line":280,"column":23}},"142":{"start":{"line":282,"column":12},"end":{"line":282,"column":45}},"143":{"start":{"line":283,"column":12},"end":{"line":283,"column":30}},"144":{"start":{"line":285,"column":12},"end":{"line":285,"column":25}},"145":{"start":{"line":287,"column":12},"end":{"line":287,"column":28}},"146":{"start":{"line":288,"column":12},"end":{"line":288,"column":28}},"147":{"start":{"line":296,"column":8},"end":{"line":302,"column":9}},"148":{"start":{"line":296,"column":20},"end":{"line":296,"column":21}},"149":{"start":{"line":297,"column":31},"end":{"line":297,"column":57}},"150":{"start":{"line":298,"column":12},"end":{"line":301,"column":13}},"151":{"start":{"line":298,"column":36},"end":{"line":298,"column":37}},"152":{"start":{"line":299,"column":34},"end":{"line":299,"column":66}},"153":{"start":{"line":300,"column":16},"end":{"line":300,"column":99}},"154":{"start":{"line":309,"column":8},"end":{"line":313,"column":9}},"155":{"start":{"line":309,"column":20},"end":{"line":309,"column":55}},"156":{"start":{"line":310,"column":31},"end":{"line":310,"column":60}},"157":{"start":{"line":311,"column":12},"end":{"line":311,"column":72}},"158":{"start":{"line":312,"column":12},"end":{"line":312,"column":126}},"159":{"start":{"line":316,"column":4},"end":{"line":316,"column":28}},"160":{"start":{"line":317,"column":4},"end":{"line":317,"column":17}},"161":{"start":{"line":318,"column":4},"end":{"line":318,"column":24}},"162":{"start":{"line":319,"column":4},"end":{"line":319,"column":27}},"163":{"start":{"line":329,"column":4},"end":{"line":331,"column":5}},"164":{"start":{"line":330,"column":8},"end":{"line":330,"column":38}},"165":{"start":{"line":343,"column":4},"end":{"line":343,"column":51}},"166":{"start":{"line":344,"column":4},"end":{"line":344,"column":30}},"167":{"start":{"line":345,"column":4},"end":{"line":345,"column":34}},"168":{"start":{"line":346,"column":4},"end":{"line":346,"column":39}},"169":{"start":{"line":347,"column":4},"end":{"line":347,"column":28}},"170":{"start":{"line":348,"column":4},"end":{"line":348,"column":37}},"171":{"start":{"line":349,"column":4},"end":{"line":349,"column":22}},"172":{"start":{"line":359,"column":4},"end":{"line":359,"column":44}},"173":{"start":{"line":360,"column":4},"end":{"line":360,"column":63}},"174":{"start":{"line":361,"column":4},"end":{"line":361,"column":55}},"175":{"start":{"line":363,"column":4},"end":{"line":363,"column":30}},"176":{"start":{"line":364,"column":4},"end":{"line":364,"column":22}},"177":{"start":{"line":365,"column":4},"end":{"line":365,"column":63}},"178":{"start":{"line":366,"column":4},"end":{"line":366,"column":17}},"179":{"start":{"line":367,"column":4},"end":{"line":367,"column":22}},"180":{"start":{"line":368,"column":4},"end":{"line":368,"column":44}},"181":{"start":{"line":369,"column":4},"end":{"line":369,"column":29}},"182":{"start":{"line":370,"column":4},"end":{"line":370,"column":99}},"183":{"start":{"line":380,"column":4},"end":{"line":380,"column":42}},"184":{"start":{"line":381,"column":4},"end":{"line":381,"column":54}},"185":{"start":{"line":383,"column":4},"end":{"line":383,"column":49}},"186":{"start":{"line":393,"column":12},"end":{"line":393,"column":15}},"187":{"start":{"line":394,"column":12},"end":{"line":394,"column":15}},"188":{"start":{"line":395,"column":12},"end":{"line":395,"column":13}},"189":{"start":{"line":397,"column":4},"end":{"line":404,"column":5}},"190":{"start":{"line":401,"column":8},"end":{"line":401,"column":61}},"191":{"start":{"line":402,"column":8},"end":{"line":402,"column":167}},"192":{"start":{"line":403,"column":8},"end":{"line":403,"column":13}},"193":{"start":{"line":414,"column":16},"end":{"line":414,"column":27}},"194":{"start":{"line":415,"column":4},"end":{"line":415,"column":null}},"195":{"start":{"line":416,"column":4},"end":{"line":416,"column":60}},"196":{"start":{"line":427,"column":16},"end":{"line":427,"column":27}},"197":{"start":{"line":428,"column":4},"end":{"line":428,"column":null}},"198":{"start":{"line":429,"column":4},"end":{"line":429,"column":60}}},"fnMap":{"0":{"name":"draw","decl":{"start":{"line":18,"column":16},"end":{"line":18,"column":20}},"loc":{"start":{"line":18,"column":42},"end":{"line":41,"column":1}}},"1":{"name":"applyOldMovieFilter","decl":{"start":{"line":49,"column":9},"end":{"line":49,"column":28}},"loc":{"start":{"line":49,"column":81},"end":{"line":99,"column":1}}},"2":{"name":"game_draw","decl":{"start":{"line":117,"column":16},"end":{"line":117,"column":25}},"loc":{"start":{"line":117,"column":78},"end":{"line":121,"column":1}}},"3":{"name":"draw_inventory","decl":{"start":{"line":128,"column":9},"end":{"line":128,"column":23}},"loc":{"start":{"line":128,"column":76},"end":{"line":160,"column":1}}},"4":{"name":"draw_ui_elements","decl":{"start":{"line":168,"column":16},"end":{"line":168,"column":32}},"loc":{"start":{"line":168,"column":85},"end":{"line":193,"column":1}}},"5":{"name":"current_round_text","decl":{"start":{"line":170,"column":13},"end":{"line":170,"column":31}},"loc":{"start":{"line":170,"column":31},"end":{"line":172,"column":5}}},"6":{"name":"draw_player_collectables","decl":{"start":{"line":174,"column":13},"end":{"line":174,"column":37}},"loc":{"start":{"line":174,"column":37},"end":{"line":180,"column":5}}},"7":{"name":"draw_beaver_quota","decl":{"start":{"line":182,"column":13},"end":{"line":182,"column":30}},"loc":{"start":{"line":182,"column":30},"end":{"line":187,"column":5}}},"8":{"name":"list_graph_draw","decl":{"start":{"line":200,"column":16},"end":{"line":200,"column":31}},"loc":{"start":{"line":200,"column":84},"end":{"line":320,"column":1}}},"9":{"name":"draw_lines_and_arrows","decl":{"start":{"line":204,"column":13},"end":{"line":204,"column":34}},"loc":{"start":{"line":204,"column":34},"end":{"line":264,"column":5}}},"10":{"name":"(anonymous_10)","decl":{"start":{"line":215,"column":21},"end":{"line":215,"column":22}},"loc":{"start":{"line":215,"column":34},"end":{"line":262,"column":13}}},"11":{"name":"draw_arrow","decl":{"start":{"line":229,"column":25},"end":{"line":229,"column":35}},"loc":{"start":{"line":229,"column":35},"end":{"line":235,"column":17}}},"12":{"name":"(anonymous_12)","decl":{"start":{"line":255,"column":41},"end":{"line":255,"column":42}},"loc":{"start":{"line":255,"column":49},"end":{"line":255,"column":78}}},"13":{"name":"draw_nodes","decl":{"start":{"line":269,"column":13},"end":{"line":269,"column":23}},"loc":{"start":{"line":269,"column":23},"end":{"line":290,"column":5}}},"14":{"name":"draw_node_objects","decl":{"start":{"line":295,"column":13},"end":{"line":295,"column":30}},"loc":{"start":{"line":295,"column":30},"end":{"line":303,"column":5}}},"15":{"name":"draw_icon_animations","decl":{"start":{"line":308,"column":13},"end":{"line":308,"column":33}},"loc":{"start":{"line":308,"column":33},"end":{"line":314,"column":5}}},"16":{"name":"draw_gui_rectangles","decl":{"start":{"line":327,"column":16},"end":{"line":327,"column":35}},"loc":{"start":{"line":327,"column":88},"end":{"line":332,"column":1}}},"17":{"name":"draw_default_text_style","decl":{"start":{"line":342,"column":16},"end":{"line":342,"column":39}},"loc":{"start":{"line":342,"column":152},"end":{"line":350,"column":1}}},"18":{"name":"draw_gui_rectangle","decl":{"start":{"line":357,"column":16},"end":{"line":357,"column":34}},"loc":{"start":{"line":357,"column":84},"end":{"line":372,"column":1}}},"19":{"name":"draw_shop_gui","decl":{"start":{"line":379,"column":16},"end":{"line":379,"column":29}},"loc":{"start":{"line":379,"column":82},"end":{"line":385,"column":1}}},"20":{"name":"draw_shop_block_item_blocks","decl":{"start":{"line":392,"column":16},"end":{"line":392,"column":43}},"loc":{"start":{"line":392,"column":96},"end":{"line":405,"column":1}}},"21":{"name":"draw_game_over_screen","decl":{"start":{"line":412,"column":16},"end":{"line":412,"column":37}},"loc":{"start":{"line":412,"column":90},"end":{"line":418,"column":1}}},"22":{"name":"draw_win_screen","decl":{"start":{"line":426,"column":16},"end":{"line":426,"column":31}},"loc":{"start":{"line":426,"column":84},"end":{"line":430,"column":1}}}},"branchMap":{"0":{"loc":{"start":{"line":19,"column":4},"end":{"line":19,"column":21}},"type":"if","locations":[{"start":{"line":19,"column":4},"end":{"line":19,"column":21}}]},"1":{"loc":{"start":{"line":23,"column":4},"end":{"line":38,"column":5}},"type":"if","locations":[{"start":{"line":23,"column":4},"end":{"line":38,"column":5}},{"start":{"line":26,"column":9},"end":{"line":38,"column":5}}]},"2":{"loc":{"start":{"line":26,"column":9},"end":{"line":38,"column":5}},"type":"if","locations":[{"start":{"line":26,"column":9},"end":{"line":38,"column":5}},{"start":{"line":29,"column":8},"end":{"line":38,"column":5}}]},"3":{"loc":{"start":{"line":32,"column":12},"end":{"line":34,"column":13}},"type":"if","locations":[{"start":{"line":32,"column":12},"end":{"line":34,"column":13}}]},"4":{"loc":{"start":{"line":50,"column":4},"end":{"line":52,"column":5}},"type":"if","locations":[{"start":{"line":50,"column":4},"end":{"line":52,"column":5}}]},"5":{"loc":{"start":{"line":50,"column":8},"end":{"line":50,"column":47}},"type":"binary-expr","locations":[{"start":{"line":50,"column":8},"end":{"line":50,"column":12}},{"start":{"line":50,"column":16},"end":{"line":50,"column":23}},{"start":{"line":50,"column":27},"end":{"line":50,"column":47}}]},"6":{"loc":{"start":{"line":76,"column":4},"end":{"line":87,"column":5}},"type":"if","locations":[{"start":{"line":76,"column":4},"end":{"line":87,"column":5}}]},"7":{"loc":{"start":{"line":133,"column":8},"end":{"line":158,"column":9}},"type":"if","locations":[{"start":{"line":133,"column":8},"end":{"line":158,"column":9}}]},"8":{"loc":{"start":{"line":143,"column":12},"end":{"line":155,"column":13}},"type":"if","locations":[{"start":{"line":143,"column":12},"end":{"line":155,"column":13}}]},"9":{"loc":{"start":{"line":143,"column":21},"end":{"line":143,"column":54}},"type":"cond-expr","locations":[{"start":{"line":143,"column":47},"end":{"line":143,"column":49}},{"start":{"line":143,"column":47},"end":{"line":143,"column":54}}]},"10":{"loc":{"start":{"line":143,"column":21},"end":{"line":143,"column":49}},"type":"binary-expr","locations":[{"start":{"line":143,"column":21},"end":{"line":143,"column":49}},{"start":{"line":143,"column":47},"end":{"line":143,"column":49}}]},"11":{"loc":{"start":{"line":246,"column":16},"end":{"line":253,"column":17}},"type":"if","locations":[{"start":{"line":246,"column":16},"end":{"line":253,"column":17}}]},"12":{"loc":{"start":{"line":248,"column":20},"end":{"line":252,"column":21}},"type":"if","locations":[{"start":{"line":248,"column":20},"end":{"line":252,"column":21}}]},"13":{"loc":{"start":{"line":255,"column":16},"end":{"line":258,"column":17}},"type":"if","locations":[{"start":{"line":255,"column":16},"end":{"line":258,"column":17}}]},"14":{"loc":{"start":{"line":342,"column":129},"end":{"line":342,"column":152}},"type":"default-arg","locations":[{"start":{"line":342,"column":151},"end":{"line":342,"column":152}}]}},"s":{"0":2,"1":2,"2":2,"3":2,"4":2,"5":2,"6":2,"7":2,"8":2,"9":2,"10":2,"11":2,"12":2,"13":2,"14":2,"15":2,"16":2,"17":0,"18":0,"19":0,"20":0,"21":0,"22":0,"23":0,"24":0,"25":0,"26":0,"27":0,"28":0,"29":0,"30":0,"31":0,"32":0,"33":0,"34":0,"35":0,"36":0,"37":0,"38":0,"39":0,"40":0,"41":0,"42":0,"43":0,"44":0,"45":0,"46":0,"47":0,"48":0,"49":0,"50":0,"51":0,"52":0,"53":0,"54":0,"55":0,"56":0,"57":0,"58":0,"59":0,"60":0,"61":0,"62":0,"63":0,"64":0,"65":0,"66":0,"67":0,"68":0,"69":0,"70":0,"71":0,"72":0,"73":0,"74":0,"75":0,"76":0,"77":0,"78":0,"79":0,"80":0,"81":0,"82":0,"83":0,"84":0,"85":0,"86":0,"87":0,"88":0,"89":0,"90":0,"91":0,"92":0,"93":0,"94":0,"95":0,"96":0,"97":0,"98":0,"99":0,"100":0,"101":0,"102":0,"103":0,"104":0,"105":0,"106":0,"107":0,"108":0,"109":0,"110":0,"111":0,"112":0,"113":0,"114":0,"115":0,"116":0,"117":0,"118":0,"119":0,"120":0,"121":0,"122":0,"123":0,"124":0,"125":0,"126":0,"127":0,"128":0,"129":0,"130":0,"131":0,"132":0,"133":0,"134":0,"135":0,"136":0,"137":0,"138":0,"139":0,"140":0,"141":0,"142":0,"143":0,"144":0,"145":0,"146":0,"147":0,"148":0,"149":0,"150":0,"151":0,"152":0,"153":0,"154":0,"155":0,"156":0,"157":0,"158":0,"159":0,"160":0,"161":0,"162":0,"163":0,"164":0,"165":0,"166":0,"167":0,"168":0,"169":0,"170":0,"171":0,"172":0,"173":0,"174":0,"175":0,"176":0,"177":0,"178":0,"179":0,"180":0,"181":0,"182":0,"183":0,"184":0,"185":0,"186":0,"187":0,"188":0,"189":0,"190":0,"191":0,"192":0,"193":0,"194":0,"195":0,"196":0,"197":0,"198":0},"f":{"0":0,"1":0,"2":0,"3":0,"4":0,"5":0,"6":0,"7":0,"8":0,"9":0,"10":0,"11":0,"12":0,"13":0,"14":0,"15":0,"16":0,"17":0,"18":0,"19":0,"20":0,"21":0,"22":0},"b":{"0":[0],"1":[0,0],"2":[0,0],"3":[0],"4":[0],"5":[0,0,0],"6":[0],"7":[0],"8":[0],"9":[0,0],"10":[0,0],"11":[0],"12":[0],"13":[0],"14":[0]}}
,"C:\\Users\\Philip\\Documents\\PKD-Project\\Code\\src\\draw_functions.ts": {"path":"C:\\Users\\Philip\\Documents\\PKD-Project\\Code\\src\\draw_functions.ts","statementMap":{"0":{"start":{"line":6,"column":0},"end":{"line":6,"column":16}},"1":{"start":{"line":12,"column":0},"end":{"line":12,"column":16}},"2":{"start":{"line":16,"column":0},"end":{"line":16,"column":16}},"3":{"start":{"line":20,"column":0},"end":{"line":20,"column":16}},"4":{"start":{"line":24,"column":0},"end":{"line":24,"column":16}},"5":{"start":{"line":28,"column":0},"end":{"line":28,"column":16}},"6":{"start":{"line":32,"column":0},"end":{"line":32,"column":16}},"7":{"start":{"line":36,"column":0},"end":{"line":36,"column":16}},"8":{"start":{"line":40,"column":0},"end":{"line":40,"column":16}},"9":{"start":{"line":44,"column":0},"end":{"line":44,"column":16}},"10":{"start":{"line":48,"column":0},"end":{"line":48,"column":16}},"11":{"start":{"line":61,"column":0},"end":{"line":61,"column":16}},"12":{"start":{"line":84,"column":0},"end":{"line":84,"column":16}},"13":{"start":{"line":109,"column":0},"end":{"line":109,"column":16}},"14":{"start":{"line":123,"column":0},"end":{"line":123,"column":16}},"15":{"start":{"line":148,"column":0},"end":{"line":148,"column":16}},"16":{"start":{"line":161,"column":0},"end":{"line":161,"column":16}},"17":{"start":{"line":179,"column":0},"end":{"line":179,"column":16}},"18":{"start":{"line":197,"column":0},"end":{"line":197,"column":16}},"19":{"start":{"line":210,"column":0},"end":{"line":210,"column":16}},"20":{"start":{"line":1,"column":0},"end":{"line":1,"column":57}},"21":{"start":{"line":7,"column":16},"end":{"line":7,"column":27}},"22":{"start":{"line":8,"column":4},"end":{"line":8,"column":null}},"23":{"start":{"line":9,"column":4},"end":{"line":9,"column":null}},"24":{"start":{"line":13,"column":4},"end":{"line":13,"column":null}},"25":{"start":{"line":17,"column":4},"end":{"line":17,"column":null}},"26":{"start":{"line":21,"column":4},"end":{"line":21,"column":null}},"27":{"start":{"line":25,"column":4},"end":{"line":25,"column":null}},"28":{"start":{"line":29,"column":4},"end":{"line":29,"column":null}},"29":{"start":{"line":33,"column":4},"end":{"line":33,"column":null}},"30":{"start":{"line":37,"column":4},"end":{"line":37,"column":null}},"31":{"start":{"line":41,"column":4},"end":{"line":41,"column":null}},"32":{"start":{"line":45,"column":4},"end":{"line":45,"column":null}},"33":{"start":{"line":49,"column":4},"end":{"line":49,"column":null}},"34":{"start":{"line":64,"column":4},"end":{"line":64,"column":28}},"35":{"start":{"line":65,"column":4},"end":{"line":65,"column":28}},"36":{"start":{"line":66,"column":4},"end":{"line":66,"column":29}},"37":{"start":{"line":67,"column":4},"end":{"line":67,"column":32}},"38":{"start":{"line":68,"column":4},"end":{"line":71,"column":5}},"39":{"start":{"line":69,"column":8},"end":{"line":69,"column":36}},"40":{"start":{"line":70,"column":8},"end":{"line":70,"column":90}},"41":{"start":{"line":73,"column":4},"end":{"line":73,"column":40}},"42":{"start":{"line":86,"column":4},"end":{"line":86,"column":28}},"43":{"start":{"line":87,"column":4},"end":{"line":87,"column":28}},"44":{"start":{"line":88,"column":4},"end":{"line":88,"column":29}},"45":{"start":{"line":89,"column":4},"end":{"line":89,"column":32}},"46":{"start":{"line":91,"column":4},"end":{"line":94,"column":5}},"47":{"start":{"line":92,"column":8},"end":{"line":92,"column":36}},"48":{"start":{"line":93,"column":8},"end":{"line":93,"column":null}},"49":{"start":{"line":96,"column":4},"end":{"line":96,"column":41}},"50":{"start":{"line":110,"column":4},"end":{"line":110,"column":42}},"51":{"start":{"line":111,"column":4},"end":{"line":111,"column":null}},"52":{"start":{"line":125,"column":4},"end":{"line":125,"column":28}},"53":{"start":{"line":126,"column":4},"end":{"line":126,"column":28}},"54":{"start":{"line":127,"column":4},"end":{"line":127,"column":29}},"55":{"start":{"line":128,"column":4},"end":{"line":128,"column":32}},"56":{"start":{"line":129,"column":4},"end":{"line":131,"column":5}},"57":{"start":{"line":130,"column":8},"end":{"line":130,"column":90}},"58":{"start":{"line":132,"column":4},"end":{"line":132,"column":40}},"59":{"start":{"line":133,"column":4},"end":{"line":133,"column":28}},"60":{"start":{"line":134,"column":4},"end":{"line":134,"column":30}},"61":{"start":{"line":135,"column":4},"end":{"line":135,"column":29}},"62":{"start":{"line":136,"column":4},"end":{"line":136,"column":32}},"63":{"start":{"line":137,"column":4},"end":{"line":137,"column":56}},"64":{"start":{"line":150,"column":4},"end":{"line":150,"column":45}},"65":{"start":{"line":151,"column":4},"end":{"line":151,"column":null}},"66":{"start":{"line":162,"column":4},"end":{"line":162,"column":22}},"67":{"start":{"line":163,"column":4},"end":{"line":163,"column":41}},"68":{"start":{"line":164,"column":4},"end":{"line":164,"column":28}},"69":{"start":{"line":165,"column":4},"end":{"line":165,"column":30}},"70":{"start":{"line":166,"column":4},"end":{"line":166,"column":29}},"71":{"start":{"line":167,"column":4},"end":{"line":167,"column":32}},"72":{"start":{"line":168,"column":4},"end":{"line":168,"column":null}},"73":{"start":{"line":180,"column":4},"end":{"line":180,"column":42}},"74":{"start":{"line":181,"column":4},"end":{"line":181,"column":22}},"75":{"start":{"line":182,"column":4},"end":{"line":182,"column":28}},"76":{"start":{"line":183,"column":4},"end":{"line":183,"column":30}},"77":{"start":{"line":184,"column":4},"end":{"line":184,"column":29}},"78":{"start":{"line":185,"column":4},"end":{"line":185,"column":32}},"79":{"start":{"line":186,"column":4},"end":{"line":186,"column":null}},"80":{"start":{"line":198,"column":4},"end":{"line":198,"column":40}},"81":{"start":{"line":199,"column":4},"end":{"line":199,"column":null}},"82":{"start":{"line":217,"column":4},"end":{"line":217,"column":44}},"83":{"start":{"line":218,"column":4},"end":{"line":218,"column":69}}},"fnMap":{"0":{"name":"draw_icon","decl":{"start":{"line":6,"column":16},"end":{"line":6,"column":25}},"loc":{"start":{"line":6,"column":105},"end":{"line":10,"column":1}}},"1":{"name":"draw_beaver_icon","decl":{"start":{"line":12,"column":16},"end":{"line":12,"column":32}},"loc":{"start":{"line":12,"column":84},"end":{"line":14,"column":1}}},"2":{"name":"draw_dagger_icon","decl":{"start":{"line":16,"column":16},"end":{"line":16,"column":32}},"loc":{"start":{"line":16,"column":84},"end":{"line":18,"column":1}}},"3":{"name":"draw_ring_icon","decl":{"start":{"line":20,"column":16},"end":{"line":20,"column":30}},"loc":{"start":{"line":20,"column":82},"end":{"line":22,"column":1}}},"4":{"name":"draw_shop_icon","decl":{"start":{"line":24,"column":16},"end":{"line":24,"column":30}},"loc":{"start":{"line":24,"column":82},"end":{"line":26,"column":1}}},"5":{"name":"draw_trap_icon","decl":{"start":{"line":28,"column":16},"end":{"line":28,"column":30}},"loc":{"start":{"line":28,"column":82},"end":{"line":30,"column":1}}},"6":{"name":"draw_trap1_icon","decl":{"start":{"line":32,"column":16},"end":{"line":32,"column":31}},"loc":{"start":{"line":32,"column":83},"end":{"line":34,"column":1}}},"7":{"name":"draw_wolf_icon","decl":{"start":{"line":36,"column":16},"end":{"line":36,"column":30}},"loc":{"start":{"line":36,"column":82},"end":{"line":38,"column":1}}},"8":{"name":"draw_detective_icon","decl":{"start":{"line":40,"column":16},"end":{"line":40,"column":35}},"loc":{"start":{"line":40,"column":87},"end":{"line":42,"column":1}}},"9":{"name":"draw_daughter_icon","decl":{"start":{"line":44,"column":16},"end":{"line":44,"column":34}},"loc":{"start":{"line":44,"column":86},"end":{"line":46,"column":1}}},"10":{"name":"draw_player_icon","decl":{"start":{"line":48,"column":16},"end":{"line":48,"column":32}},"loc":{"start":{"line":48,"column":84},"end":{"line":50,"column":1}}},"11":{"name":"trap_draw_function","decl":{"start":{"line":61,"column":16},"end":{"line":61,"column":34}},"loc":{"start":{"line":61,"column":104},"end":{"line":75,"column":1}}},"12":{"name":"lvl_1_trap_draw_function","decl":{"start":{"line":84,"column":16},"end":{"line":84,"column":40}},"loc":{"start":{"line":84,"column":110},"end":{"line":99,"column":1}}},"13":{"name":"dagger_draw_function","decl":{"start":{"line":109,"column":16},"end":{"line":109,"column":36}},"loc":{"start":{"line":109,"column":106},"end":{"line":112,"column":1}}},"14":{"name":"wolf_draw_function","decl":{"start":{"line":123,"column":16},"end":{"line":123,"column":34}},"loc":{"start":{"line":123,"column":104},"end":{"line":139,"column":1}}},"15":{"name":"detective_draw_function","decl":{"start":{"line":148,"column":16},"end":{"line":148,"column":39}},"loc":{"start":{"line":148,"column":109},"end":{"line":152,"column":1}}},"16":{"name":"shop_draw_function","decl":{"start":{"line":161,"column":16},"end":{"line":161,"column":34}},"loc":{"start":{"line":161,"column":104},"end":{"line":169,"column":1}}},"17":{"name":"player_draw_function","decl":{"start":{"line":179,"column":16},"end":{"line":179,"column":36}},"loc":{"start":{"line":179,"column":106},"end":{"line":187,"column":1}}},"18":{"name":"ring_draw_function","decl":{"start":{"line":197,"column":16},"end":{"line":197,"column":34}},"loc":{"start":{"line":197,"column":86},"end":{"line":200,"column":1}}},"19":{"name":"draw_daughter","decl":{"start":{"line":210,"column":16},"end":{"line":210,"column":29}},"loc":{"start":{"line":210,"column":81},"end":{"line":219,"column":1}}}},"branchMap":{"0":{"loc":{"start":{"line":68,"column":4},"end":{"line":71,"column":5}},"type":"if","locations":[{"start":{"line":68,"column":4},"end":{"line":71,"column":5}}]},"1":{"loc":{"start":{"line":91,"column":4},"end":{"line":94,"column":5}},"type":"if","locations":[{"start":{"line":91,"column":4},"end":{"line":94,"column":5}}]},"2":{"loc":{"start":{"line":129,"column":4},"end":{"line":131,"column":5}},"type":"if","locations":[{"start":{"line":129,"column":4},"end":{"line":131,"column":5}}]}},"s":{"0":2,"1":2,"2":2,"3":2,"4":2,"5":2,"6":2,"7":2,"8":2,"9":2,"10":2,"11":2,"12":2,"13":2,"14":2,"15":2,"16":2,"17":2,"18":2,"19":2,"20":2,"21":0,"22":0,"23":0,"24":0,"25":0,"26":0,"27":0,"28":0,"29":0,"30":0,"31":0,"32":0,"33":0,"34":0,"35":0,"36":0,"37":0,"38":0,"39":0,"40":0,"41":0,"42":0,"43":0,"44":0,"45":0,"46":0,"47":0,"48":0,"49":0,"50":0,"51":0,"52":0,"53":0,"54":0,"55":0,"56":0,"57":0,"58":0,"59":0,"60":0,"61":0,"62":0,"63":0,"64":0,"65":0,"66":0,"67":0,"68":0,"69":0,"70":0,"71":0,"72":0,"73":0,"74":0,"75":0,"76":0,"77":0,"78":0,"79":0,"80":0,"81":0,"82":0,"83":0},"f":{"0":0,"1":0,"2":0,"3":0,"4":0,"5":0,"6":0,"7":0,"8":0,"9":0,"10":0,"11":0,"12":0,"13":0,"14":0,"15":0,"16":0,"17":0,"18":0,"19":0},"b":{"0":[0],"1":[0],"2":[0]}}
,"C:\\Users\\Philip\\Documents\\PKD-Project\\Code\\src\\graph_generation.ts": {"path":"C:\\Users\\Philip\\Documents\\PKD-Project\\Code\\src\\graph_generation.ts","statementMap":{"0":{"start":{"line":19,"column":0},"end":{"line":19,"column":16}},"1":{"start":{"line":180,"column":0},"end":{"line":180,"column":16}},"2":{"start":{"line":2,"column":0},"end":{"line":2,"column":108}},"3":{"start":{"line":3,"column":0},"end":{"line":3,"column":32}},"4":{"start":{"line":4,"column":0},"end":{"line":4,"column":69}},"5":{"start":{"line":5,"column":0},"end":{"line":5,"column":46}},"6":{"start":{"line":7,"column":0},"end":{"line":7,"column":114}},"7":{"start":{"line":8,"column":0},"end":{"line":8,"column":51}},"8":{"start":{"line":20,"column":4},"end":{"line":20,"column":null}},"9":{"start":{"line":22,"column":4},"end":{"line":22,"column":208}},"10":{"start":{"line":22,"column":80},"end":{"line":22,"column":139}},"11":{"start":{"line":23,"column":4},"end":{"line":23,"column":20}},"12":{"start":{"line":25,"column":19},"end":{"line":25,"column":70}},"13":{"start":{"line":26,"column":4},"end":{"line":26,"column":37}},"14":{"start":{"line":43,"column":4},"end":{"line":49,"column":5}},"15":{"start":{"line":45,"column":8},"end":{"line":45,"column":null}},"16":{"start":{"line":48,"column":8},"end":{"line":48,"column":null}},"17":{"start":{"line":52,"column":4},"end":{"line":54,"column":5}},"18":{"start":{"line":53,"column":8},"end":{"line":53,"column":null}},"19":{"start":{"line":56,"column":4},"end":{"line":56,"column":null}},"20":{"start":{"line":71,"column":27},"end":{"line":71,"column":39}},"21":{"start":{"line":73,"column":31},"end":{"line":73,"column":32}},"22":{"start":{"line":76,"column":4},"end":{"line":80,"column":5}},"23":{"start":{"line":76,"column":14},"end":{"line":76,"column":15}},"24":{"start":{"line":77,"column":8},"end":{"line":79,"column":9}},"25":{"start":{"line":78,"column":12},"end":{"line":78,"column":null}},"26":{"start":{"line":82,"column":4},"end":{"line":82,"column":null}},"27":{"start":{"line":98,"column":4},"end":{"line":104,"column":5}},"28":{"start":{"line":100,"column":8},"end":{"line":100,"column":null}},"29":{"start":{"line":103,"column":8},"end":{"line":103,"column":null}},"30":{"start":{"line":106,"column":4},"end":{"line":106,"column":null}},"31":{"start":{"line":122,"column":4},"end":{"line":131,"column":5}},"32":{"start":{"line":123,"column":8},"end":{"line":123,"column":null}},"33":{"start":{"line":126,"column":9},"end":{"line":131,"column":5}},"34":{"start":{"line":127,"column":8},"end":{"line":127,"column":null}},"35":{"start":{"line":130,"column":8},"end":{"line":130,"column":null}},"36":{"start":{"line":133,"column":4},"end":{"line":133,"column":null}},"37":{"start":{"line":146,"column":14},"end":{"line":146,"column":16}},"38":{"start":{"line":148,"column":4},"end":{"line":150,"column":5}},"39":{"start":{"line":148,"column":17},"end":{"line":148,"column":18}},"40":{"start":{"line":149,"column":8},"end":{"line":149,"column":null}},"41":{"start":{"line":152,"column":4},"end":{"line":152,"column":null}},"42":{"start":{"line":159,"column":4},"end":{"line":169,"column":5}},"43":{"start":{"line":160,"column":8},"end":{"line":160,"column":121}},"44":{"start":{"line":163,"column":8},"end":{"line":168,"column":9}},"45":{"start":{"line":164,"column":12},"end":{"line":164,"column":79}},"46":{"start":{"line":167,"column":12},"end":{"line":167,"column":57}},"47":{"start":{"line":183,"column":21},"end":{"line":183,"column":35}},"48":{"start":{"line":184,"column":21},"end":{"line":184,"column":24}},"49":{"start":{"line":185,"column":19},"end":{"line":185,"column":22}},"50":{"start":{"line":186,"column":26},"end":{"line":186,"column":28}},"51":{"start":{"line":187,"column":23},"end":{"line":187,"column":25}},"52":{"start":{"line":188,"column":18},"end":{"line":188,"column":19}},"53":{"start":{"line":192,"column":16},"end":{"line":192,"column":17}},"54":{"start":{"line":195,"column":41},"end":{"line":195,"column":97}},"55":{"start":{"line":197,"column":4},"end":{"line":224,"column":5}},"56":{"start":{"line":197,"column":27},"end":{"line":197,"column":28}},"57":{"start":{"line":199,"column":8},"end":{"line":222,"column":9}},"58":{"start":{"line":199,"column":22},"end":{"line":199,"column":23}},"59":{"start":{"line":202,"column":12},"end":{"line":202,"column":null}},"60":{"start":{"line":205,"column":26},"end":{"line":205,"column":67}},"61":{"start":{"line":211,"column":12},"end":{"line":211,"column":132}},"62":{"start":{"line":212,"column":12},"end":{"line":212,"column":131}},"63":{"start":{"line":215,"column":35},"end":{"line":215,"column":130}},"64":{"start":{"line":218,"column":12},"end":{"line":218,"column":null}},"65":{"start":{"line":221,"column":12},"end":{"line":221,"column":null}},"66":{"start":{"line":227,"column":4},"end":{"line":227,"column":null}},"67":{"start":{"line":233,"column":4},"end":{"line":235,"column":5}},"68":{"start":{"line":233,"column":17},"end":{"line":233,"column":18}},"69":{"start":{"line":234,"column":8},"end":{"line":234,"column":null}},"70":{"start":{"line":234,"column":37},"end":{"line":234,"column":70}},"71":{"start":{"line":238,"column":4},"end":{"line":238,"column":null}},"72":{"start":{"line":238,"column":42},"end":{"line":238,"column":51}}},"fnMap":{"0":{"name":"create_daughter_node","decl":{"start":{"line":19,"column":16},"end":{"line":19,"column":36}},"loc":{"start":{"line":19,"column":124},"end":{"line":27,"column":1}}},"1":{"name":"(anonymous_1)","decl":{"start":{"line":22,"column":73},"end":{"line":22,"column":76}},"loc":{"start":{"line":22,"column":78},"end":{"line":22,"column":139}}},"2":{"name":"(anonymous_2)","decl":{"start":{"line":22,"column":140},"end":{"line":22,"column":143}},"loc":{"start":{"line":22,"column":145},"end":{"line":22,"column":148}}},"3":{"name":"build_first_layer_connections","decl":{"start":{"line":39,"column":9},"end":{"line":39,"column":38}},"loc":{"start":{"line":39,"column":153},"end":{"line":57,"column":1}}},"4":{"name":"build_middle_layer_connections","decl":{"start":{"line":69,"column":9},"end":{"line":69,"column":39}},"loc":{"start":{"line":69,"column":154},"end":{"line":83,"column":1}}},"5":{"name":"build_last_layer_connections","decl":{"start":{"line":94,"column":9},"end":{"line":94,"column":37}},"loc":{"start":{"line":94,"column":152},"end":{"line":107,"column":1}}},"6":{"name":"build_connections","decl":{"start":{"line":117,"column":9},"end":{"line":117,"column":26}},"loc":{"start":{"line":117,"column":157},"end":{"line":135,"column":1}}},"7":{"name":"generate_array_with_random_integers","decl":{"start":{"line":144,"column":9},"end":{"line":144,"column":44}},"loc":{"start":{"line":144,"column":72},"end":{"line":153,"column":1}}},"8":{"name":"construct_node_on_circle_step_layer","decl":{"start":{"line":156,"column":9},"end":{"line":156,"column":44}},"loc":{"start":{"line":156,"column":142},"end":{"line":170,"column":1}}},"9":{"name":"(anonymous_9)","decl":{"start":{"line":160,"column":91},"end":{"line":160,"column":93}},"loc":{"start":{"line":160,"column":95},"end":{"line":160,"column":97}}},"10":{"name":"generate_x_y","decl":{"start":{"line":180,"column":16},"end":{"line":180,"column":28}},"loc":{"start":{"line":180,"column":73},"end":{"line":239,"column":1}}},"11":{"name":"(anonymous_11)","decl":{"start":{"line":234,"column":27},"end":{"line":234,"column":28}},"loc":{"start":{"line":234,"column":36},"end":{"line":234,"column":70}}},"12":{"name":"(anonymous_12)","decl":{"start":{"line":238,"column":36},"end":{"line":238,"column":37}},"loc":{"start":{"line":238,"column":41},"end":{"line":238,"column":51}}}},"branchMap":{"0":{"loc":{"start":{"line":43,"column":4},"end":{"line":49,"column":5}},"type":"if","locations":[{"start":{"line":43,"column":4},"end":{"line":49,"column":5}},{"start":{"line":46,"column":9},"end":{"line":49,"column":5}}]},"1":{"loc":{"start":{"line":52,"column":4},"end":{"line":54,"column":5}},"type":"if","locations":[{"start":{"line":52,"column":4},"end":{"line":54,"column":5}}]},"2":{"loc":{"start":{"line":77,"column":8},"end":{"line":79,"column":9}},"type":"if","locations":[{"start":{"line":77,"column":8},"end":{"line":79,"column":9}}]},"3":{"loc":{"start":{"line":98,"column":4},"end":{"line":104,"column":5}},"type":"if","locations":[{"start":{"line":98,"column":4},"end":{"line":104,"column":5}},{"start":{"line":101,"column":9},"end":{"line":104,"column":5}}]},"4":{"loc":{"start":{"line":122,"column":4},"end":{"line":131,"column":5}},"type":"if","locations":[{"start":{"line":122,"column":4},"end":{"line":131,"column":5}},{"start":{"line":126,"column":9},"end":{"line":131,"column":5}}]},"5":{"loc":{"start":{"line":126,"column":9},"end":{"line":131,"column":5}},"type":"if","locations":[{"start":{"line":126,"column":9},"end":{"line":131,"column":5}},{"start":{"line":129,"column":9},"end":{"line":131,"column":5}}]},"6":{"loc":{"start":{"line":159,"column":4},"end":{"line":169,"column":5}},"type":"if","locations":[{"start":{"line":159,"column":4},"end":{"line":169,"column":5}},{"start":{"line":161,"column":9},"end":{"line":169,"column":5}}]},"7":{"loc":{"start":{"line":159,"column":8},"end":{"line":159,"column":36}},"type":"binary-expr","locations":[{"start":{"line":159,"column":8},"end":{"line":159,"column":17}},{"start":{"line":159,"column":21},"end":{"line":159,"column":36}}]},"8":{"loc":{"start":{"line":163,"column":8},"end":{"line":168,"column":9}},"type":"if","locations":[{"start":{"line":163,"column":8},"end":{"line":168,"column":9}},{"start":{"line":165,"column":13},"end":{"line":168,"column":9}}]},"9":{"loc":{"start":{"line":163,"column":12},"end":{"line":163,"column":64}},"type":"binary-expr","locations":[{"start":{"line":163,"column":12},"end":{"line":163,"column":21}},{"start":{"line":163,"column":25},"end":{"line":163,"column":64}}]},"10":{"loc":{"start":{"line":234,"column":44},"end":{"line":234,"column":69}},"type":"cond-expr","locations":[{"start":{"line":234,"column":60},"end":{"line":234,"column":65}},{"start":{"line":234,"column":68},"end":{"line":234,"column":69}}]}},"s":{"0":2,"1":2,"2":2,"3":2,"4":2,"5":2,"6":2,"7":2,"8":0,"9":0,"10":0,"11":0,"12":0,"13":0,"14":0,"15":0,"16":0,"17":0,"18":0,"19":0,"20":0,"21":0,"22":0,"23":0,"24":0,"25":0,"26":0,"27":0,"28":0,"29":0,"30":0,"31":0,"32":0,"33":0,"34":0,"35":0,"36":0,"37":0,"38":0,"39":0,"40":0,"41":0,"42":0,"43":0,"44":0,"45":0,"46":0,"47":0,"48":0,"49":0,"50":0,"51":0,"52":0,"53":0,"54":0,"55":0,"56":0,"57":0,"58":0,"59":0,"60":0,"61":0,"62":0,"63":0,"64":0,"65":0,"66":0,"67":0,"68":0,"69":0,"70":0,"71":0,"72":0},"f":{"0":0,"1":0,"2":0,"3":0,"4":0,"5":0,"6":0,"7":0,"8":0,"9":0,"10":0,"11":0,"12":0},"b":{"0":[0,0],"1":[0],"2":[0],"3":[0,0],"4":[0,0],"5":[0,0],"6":[0,0],"7":[0,0],"8":[0,0],"9":[0,0],"10":[0,0]}}
[...]
,"C:\\Users\\Philip\\Documents\\PKD-Project\\Code\\src\\lib\\list.js": {"path":"C:\\Users\\Philip\\Documents\\PKD-Project\\Code\\src\\lib\\list.js","statementMap":{"0":{"start":{"line":3,"column":0},"end":{"line":3,"column":62}},"1":{"start":{"line":4,"column":0},"end":{"line":4,"column":20}},"2":{"start":{"line":5,"column":0},"end":{"line":5,"column":20}},"3":{"start":{"line":6,"column":0},"end":{"line":6,"column":20}},"4":{"start":{"line":7,"column":0},"end":{"line":7,"column":26}},"5":{"start":{"line":8,"column":0},"end":{"line":8,"column":20}},"6":{"start":{"line":9,"column":0},"end":{"line":9,"column":30}},"7":{"start":{"line":10,"column":0},"end":{"line":10,"column":24}},"8":{"start":{"line":11,"column":0},"end":{"line":11,"column":18}},"9":{"start":{"line":12,"column":0},"end":{"line":12,"column":32}},"10":{"start":{"line":13,"column":0},"end":{"line":13,"column":28}},"11":{"start":{"line":14,"column":0},"end":{"line":14,"column":26}},"12":{"start":{"line":15,"column":0},"end":{"line":15,"column":24}},"13":{"start":{"line":16,"column":0},"end":{"line":16,"column":24}},"14":{"start":{"line":17,"column":0},"end":{"line":17,"column":24}},"15":{"start":{"line":18,"column":0},"end":{"line":18,"column":32}},"16":{"start":{"line":19,"column":0},"end":{"line":19,"column":24}},"17":{"start":{"line":20,"column":0},"end":{"line":20,"column":18}},"18":{"start":{"line":21,"column":0},"end":{"line":21,"column":30}},"19":{"start":{"line":22,"column":0},"end":{"line":22,"column":28}},"20":{"start":{"line":23,"column":0},"end":{"line":23,"column":32}},"21":{"start":{"line":24,"column":0},"end":{"line":24,"column":30}},"22":{"start":{"line":25,"column":0},"end":{"line":25,"column":26}},"23":{"start":{"line":35,"column":4},"end":{"line":35,"column":20}},"24":{"start":{"line":43,"column":4},"end":{"line":43,"column":16}},"25":{"start":{"line":51,"column":4},"end":{"line":51,"column":16}},"26":{"start":{"line":59,"column":4},"end":{"line":59,"column":22}},"27":{"start":{"line":69,"column":19},"end":{"line":69,"column":21}},"28":{"start":{"line":70,"column":4},"end":{"line":72,"column":5}},"29":{"start":{"line":70,"column":18},"end":{"line":70,"column":19}},"30":{"start":{"line":71,"column":8},"end":{"line":71,"column":37}},"31":{"start":{"line":73,"column":14},"end":{"line":73,"column":18}},"32":{"start":{"line":74,"column":4},"end":{"line":76,"column":5}},"33":{"start":{"line":74,"column":17},"end":{"line":74,"column":36}},"34":{"start":{"line":75,"column":8},"end":{"line":75,"column":37}},"35":{"start":{"line":77,"column":4},"end":{"line":77,"column":15}},"36":{"start":{"line":86,"column":4},"end":{"line":86,"column":16}},"37":{"start":{"line":96,"column":17},"end":{"line":96,"column":24}},"38":{"start":{"line":97,"column":8},"end":{"line":99,"column":41}},"39":{"start":{"line":101,"column":4},"end":{"line":106,"column":5}},"40":{"start":{"line":102,"column":8},"end":{"line":102,"column":24}},"41":{"start":{"line":105,"column":8},"end":{"line":105,"column":41}},"42":{"start":{"line":117,"column":8},"end":{"line":117,"column":62}},"43":{"start":{"line":119,"column":4},"end":{"line":119,"column":26}},"44":{"start":{"line":132,"column":8},"end":{"line":134,"column":56}},"45":{"start":{"line":136,"column":4},"end":{"line":136,"column":29}},"46":{"start":{"line":148,"column":8},"end":{"line":150,"column":67}},"47":{"start":{"line":152,"column":4},"end":{"line":152,"column":41}},"48":{"start":{"line":163,"column":4},"end":{"line":166,"column":5}},"49":{"start":{"line":164,"column":8},"end":{"line":164,"column":22}},"50":{"start":{"line":165,"column":8},"end":{"line":165,"column":22}},"51":{"start":{"line":177,"column":8},"end":{"line":179,"column":71}},"52":{"start":{"line":181,"column":4},"end":{"line":181,"column":30}},"53":{"start":{"line":194,"column":8},"end":{"line":196,"column":88}},"54":{"start":{"line":196,"column":52},"end":{"line":196,"column":84}},"55":{"start":{"line":198,"column":4},"end":{"line":198,"column":57}},"56":{"start":{"line":198,"column":43},"end":{"line":198,"column":53}},"57":{"start":{"line":210,"column":4},"end":{"line":214,"column":37}},"58":{"start":{"line":227,"column":18},"end":{"line":227,"column":24}},"59":{"start":{"line":228,"column":18},"end":{"line":228,"column":25}},"60":{"start":{"line":229,"column":8},"end":{"line":233,"column":60}},"61":{"start":{"line":235,"column":4},"end":{"line":235,"column":35}},"62":{"start":{"line":248,"column":18},"end":{"line":248,"column":24}},"63":{"start":{"line":249,"column":18},"end":{"line":249,"column":25}},"64":{"start":{"line":250,"column":8},"end":{"line":254,"column":64}},"65":{"start":{"line":256,"column":4},"end":{"line":256,"column":36}},"66":{"start":{"line":269,"column":8},"end":{"line":273,"column":47}},"67":{"start":{"line":275,"column":4},"end":{"line":275,"column":35}},"68":{"start":{"line":285,"column":4},"end":{"line":285,"column":70}},"69":{"start":{"line":297,"column":18},"end":{"line":297,"column":25}},"70":{"start":{"line":298,"column":8},"end":{"line":300,"column":59}},"71":{"start":{"line":302,"column":4},"end":{"line":302,"column":40}},"72":{"start":{"line":314,"column":4},"end":{"line":318,"column":40}},"73":{"start":{"line":335,"column":8},"end":{"line":337,"column":97}},"74":{"start":{"line":337,"column":64},"end":{"line":337,"column":93}},"75":{"start":{"line":339,"column":4},"end":{"line":339,"column":68}},"76":{"start":{"line":339,"column":55},"end":{"line":339,"column":64}},"77":{"start":{"line":355,"column":4},"end":{"line":357,"column":55}},"78":{"start":{"line":366,"column":4},"end":{"line":366,"column":49}}},"fnMap":{"0":{"name":"pair","decl":{"start":{"line":34,"column":9},"end":{"line":34,"column":13}},"loc":{"start":{"line":34,"column":22},"end":{"line":36,"column":1}},"line":34},"1":{"name":"head","decl":{"start":{"line":42,"column":9},"end":{"line":42,"column":13}},"loc":{"start":{"line":42,"column":17},"end":{"line":44,"column":1}},"line":42},"2":{"name":"tail","decl":{"start":{"line":50,"column":9},"end":{"line":50,"column":13}},"loc":{"start":{"line":50,"column":17},"end":{"line":52,"column":1}},"line":50},"3":{"name":"is_null","decl":{"start":{"line":58,"column":9},"end":{"line":58,"column":16}},"loc":{"start":{"line":58,"column":20},"end":{"line":60,"column":1}},"line":58},"4":{"name":"list","decl":{"start":{"line":68,"column":9},"end":{"line":68,"column":13}},"loc":{"start":{"line":68,"column":16},"end":{"line":78,"column":1}},"line":68},"5":{"name":"empty_list","decl":{"start":{"line":85,"column":9},"end":{"line":85,"column":19}},"loc":{"start":{"line":85,"column":22},"end":{"line":87,"column":1}},"line":85},"6":{"name":"to_string","decl":{"start":{"line":94,"column":9},"end":{"line":94,"column":18}},"loc":{"start":{"line":94,"column":23},"end":{"line":107,"column":1}},"line":94},"7":{"name":"print","decl":{"start":{"line":95,"column":13},"end":{"line":95,"column":18}},"loc":{"start":{"line":95,"column":22},"end":{"line":100,"column":5}},"line":95},"8":{"name":"length","decl":{"start":{"line":115,"column":9},"end":{"line":115,"column":15}},"loc":{"start":{"line":115,"column":20},"end":{"line":120,"column":1}},"line":115},"9":{"name":"$length","decl":{"start":{"line":116,"column":13},"end":{"line":116,"column":20}},"loc":{"start":{"line":116,"column":30},"end":{"line":118,"column":5}},"line":116},"10":{"name":"map","decl":{"start":{"line":130,"column":9},"end":{"line":130,"column":12}},"loc":{"start":{"line":130,"column":20},"end":{"line":137,"column":1}},"line":130},"11":{"name":"$map","decl":{"start":{"line":131,"column":13},"end":{"line":131,"column":17}},"loc":{"start":{"line":131,"column":30},"end":{"line":135,"column":5}},"line":131},"12":{"name":"build_list","decl":{"start":{"line":146,"column":9},"end":{"line":146,"column":19}},"loc":{"start":{"line":146,"column":28},"end":{"line":153,"column":1}},"line":146},"13":{"name":"$build_list","decl":{"start":{"line":147,"column":13},"end":{"line":147,"column":24}},"loc":{"start":{"line":147,"column":48},"end":{"line":151,"column":5}},"line":147},"14":{"name":"for_each","decl":{"start":{"line":162,"column":9},"end":{"line":162,"column":17}},"loc":{"start":{"line":162,"column":27},"end":{"line":167,"column":1}},"line":162},"15":{"name":"reverse","decl":{"start":{"line":175,"column":9},"end":{"line":175,"column":16}},"loc":{"start":{"line":175,"column":21},"end":{"line":182,"column":1}},"line":175},"16":{"name":"$reverse","decl":{"start":{"line":176,"column":13},"end":{"line":176,"column":21}},"loc":{"start":{"line":176,"column":42},"end":{"line":180,"column":5}},"line":176},"17":{"name":"append","decl":{"start":{"line":192,"column":9},"end":{"line":192,"column":15}},"loc":{"start":{"line":192,"column":24},"end":{"line":199,"column":1}},"line":192},"18":{"name":"$append","decl":{"start":{"line":193,"column":13},"end":{"line":193,"column":20}},"loc":{"start":{"line":193,"column":35},"end":{"line":197,"column":5}},"line":193},"19":{"name":"(anonymous_19)","decl":{"start":{"line":196,"column":36},"end":{"line":196,"column":37}},"loc":{"start":{"line":196,"column":50},"end":{"line":196,"column":86}},"line":196},"20":{"name":"(anonymous_20)","decl":{"start":{"line":198,"column":27},"end":{"line":198,"column":28}},"loc":{"start":{"line":198,"column":41},"end":{"line":198,"column":55}},"line":198},"21":{"name":"member","decl":{"start":{"line":209,"column":9},"end":{"line":209,"column":15}},"loc":{"start":{"line":209,"column":26},"end":{"line":215,"column":1}},"line":209},"22":{"name":"remove","decl":{"start":{"line":224,"column":9},"end":{"line":224,"column":15}},"loc":{"start":{"line":224,"column":26},"end":{"line":236,"column":1}},"line":224},"23":{"name":"$remove","decl":{"start":{"line":225,"column":13},"end":{"line":225,"column":20}},"loc":{"start":{"line":225,"column":33},"end":{"line":234,"column":5}},"line":225},"24":{"name":"remove_all","decl":{"start":{"line":245,"column":9},"end":{"line":245,"column":19}},"loc":{"start":{"line":245,"column":27},"end":{"line":257,"column":1}},"line":245},"25":{"name":"$remove_all","decl":{"start":{"line":246,"column":13},"end":{"line":246,"column":24}},"loc":{"start":{"line":246,"column":37},"end":{"line":255,"column":5}},"line":246},"26":{"name":"filter","decl":{"start":{"line":267,"column":9},"end":{"line":267,"column":15}},"loc":{"start":{"line":267,"column":26},"end":{"line":276,"column":1}},"line":267},"27":{"name":"$filter","decl":{"start":{"line":268,"column":13},"end":{"line":268,"column":20}},"loc":{"start":{"line":268,"column":36},"end":{"line":274,"column":5}},"line":268},"28":{"name":"all","decl":{"start":{"line":284,"column":9},"end":{"line":284,"column":12}},"loc":{"start":{"line":284,"column":23},"end":{"line":286,"column":1}},"line":284},"29":{"name":"enum_list","decl":{"start":{"line":294,"column":9},"end":{"line":294,"column":18}},"loc":{"start":{"line":294,"column":31},"end":{"line":303,"column":1}},"line":294},"30":{"name":"$enum_list","decl":{"start":{"line":295,"column":13},"end":{"line":295,"column":23}},"loc":{"start":{"line":295,"column":41},"end":{"line":301,"column":5}},"line":295},"31":{"name":"list_ref","decl":{"start":{"line":313,"column":9},"end":{"line":313,"column":17}},"loc":{"start":{"line":313,"column":25},"end":{"line":319,"column":1}},"line":313},"32":{"name":"accumulate","decl":{"start":{"line":333,"column":9},"end":{"line":333,"column":19}},"loc":{"start":{"line":333,"column":37},"end":{"line":340,"column":1}},"line":333},"33":{"name":"$accumulate","decl":{"start":{"line":334,"column":13},"end":{"line":334,"column":24}},"loc":{"start":{"line":334,"column":48},"end":{"line":338,"column":5}},"line":334},"34":{"name":"(anonymous_34)","decl":{"start":{"line":337,"column":49},"end":{"line":337,"column":50}},"loc":{"start":{"line":337,"column":62},"end":{"line":337,"column":95}},"line":337},"35":{"name":"(anonymous_35)","decl":{"start":{"line":339,"column":40},"end":{"line":339,"column":41}},"loc":{"start":{"line":339,"column":53},"end":{"line":339,"column":66}},"line":339},"36":{"name":"fold_left","decl":{"start":{"line":354,"column":9},"end":{"line":354,"column":18}},"loc":{"start":{"line":354,"column":35},"end":{"line":358,"column":1}},"line":354},"37":{"name":"flatten","decl":{"start":{"line":365,"column":9},"end":{"line":365,"column":16}},"loc":{"start":{"line":365,"column":22},"end":{"line":367,"column":1}},"line":365}},"branchMap":{"0":{"loc":{"start":{"line":97,"column":15},"end":{"line":99,"column":40}},"type":"cond-expr","locations":[{"start":{"line":98,"column":14},"end":{"line":98,"column":26}},{"start":{"line":99,"column":14},"end":{"line":99,"column":40}}],"line":97},"1":{"loc":{"start":{"line":101,"column":4},"end":{"line":106,"column":5}},"type":"if","locations":[{"start":{"line":101,"column":4},"end":{"line":106,"column":5}},{"start":{"line":104,"column":9},"end":{"line":106,"column":5}}],"line":101},"2":{"loc":{"start":{"line":117,"column":15},"end":{"line":117,"column":61}},"type":"cond-expr","locations":[{"start":{"line":117,"column":29},"end":{"line":117,"column":32}},{"start":{"line":117,"column":35},"end":{"line":117,"column":61}}],"line":117},"3":{"loc":{"start":{"line":132,"column":15},"end":{"line":134,"column":55}},"type":"cond-expr","locations":[{"start":{"line":133,"column":14},"end":{"line":133,"column":26}},{"start":{"line":134,"column":14},"end":{"line":134,"column":55}}],"line":132},"4":{"loc":{"start":{"line":148,"column":15},"end":{"line":150,"column":66}},"type":"cond-expr","locations":[{"start":{"line":149,"column":14},"end":{"line":149,"column":27}},{"start":{"line":150,"column":14},"end":{"line":150,"column":66}}],"line":148},"5":{"loc":{"start":{"line":177,"column":15},"end":{"line":179,"column":70}},"type":"cond-expr","locations":[{"start":{"line":178,"column":14},"end":{"line":178,"column":22}},{"start":{"line":179,"column":14},"end":{"line":179,"column":70}}],"line":177},"6":{"loc":{"start":{"line":194,"column":15},"end":{"line":196,"column":87}},"type":"cond-expr","locations":[{"start":{"line":195,"column":14},"end":{"line":195,"column":22}},{"start":{"line":196,"column":14},"end":{"line":196,"column":87}}],"line":194},"7":{"loc":{"start":{"line":210,"column":11},"end":{"line":214,"column":36}},"type":"cond-expr","locations":[{"start":{"line":211,"column":10},"end":{"line":211,"column":14}},{"start":{"line":212,"column":10},"end":{"line":214,"column":36}}],"line":210},"8":{"loc":{"start":{"line":212,"column":10},"end":{"line":214,"column":36}},"type":"cond-expr","locations":[{"start":{"line":213,"column":14},"end":{"line":213,"column":16}},{"start":{"line":214,"column":14},"end":{"line":214,"column":36}}],"line":212},"9":{"loc":{"start":{"line":229,"column":15},"end":{"line":233,"column":59}},"type":"cond-expr","locations":[{"start":{"line":230,"column":14},"end":{"line":230,"column":31}},{"start":{"line":231,"column":14},"end":{"line":233,"column":59}}],"line":229},"10":{"loc":{"start":{"line":231,"column":14},"end":{"line":233,"column":59}},"type":"cond-expr","locations":[{"start":{"line":232,"column":18},"end":{"line":232,"column":41}},{"start":{"line":233,"column":18},"end":{"line":233,"column":59}}],"line":231},"11":{"loc":{"start":{"line":250,"column":15},"end":{"line":254,"column":63}},"type":"cond-expr","locations":[{"start":{"line":251,"column":14},"end":{"line":251,"column":31}},{"start":{"line":252,"column":14},"end":{"line":254,"column":63}}],"line":250},"12":{"loc":{"start":{"line":252,"column":14},"end":{"line":254,"column":63}},"type":"cond-expr","locations":[{"start":{"line":253,"column":18},"end":{"line":253,"column":47}},{"start":{"line":254,"column":18},"end":{"line":254,"column":63}}],"line":252},"13":{"loc":{"start":{"line":269,"column":15},"end":{"line":273,"column":46}},"type":"cond-expr","locations":[{"start":{"line":270,"column":14},"end":{"line":270,"column":26}},{"start":{"line":271,"column":14},"end":{"line":273,"column":46}}],"line":269},"14":{"loc":{"start":{"line":271,"column":14},"end":{"line":273,"column":46}},"type":"cond-expr","locations":[{"start":{"line":272,"column":18},"end":{"line":272,"column":62}},{"start":{"line":273,"column":18},"end":{"line":273,"column":46}}],"line":271},"15":{"loc":{"start":{"line":285,"column":11},"end":{"line":285,"column":69}},"type":"cond-expr","locations":[{"start":{"line":285,"column":25},"end":{"line":285,"column":29}},{"start":{"line":285,"column":32},"end":{"line":285,"column":69}}],"line":285},"16":{"loc":{"start":{"line":285,"column":32},"end":{"line":285,"column":69}},"type":"binary-expr","locations":[{"start":{"line":285,"column":32},"end":{"line":285,"column":46}},{"start":{"line":285,"column":50},"end":{"line":285,"column":69}}],"line":285},"17":{"loc":{"start":{"line":298,"column":15},"end":{"line":300,"column":58}},"type":"cond-expr","locations":[{"start":{"line":299,"column":14},"end":{"line":299,"column":22}},{"start":{"line":300,"column":14},"end":{"line":300,"column":58}}],"line":298},"18":{"loc":{"start":{"line":314,"column":11},"end":{"line":318,"column":39}},"type":"cond-expr","locations":[{"start":{"line":315,"column":10},"end":{"line":315,"column":19}},{"start":{"line":316,"column":10},"end":{"line":318,"column":39}}],"line":314},"19":{"loc":{"start":{"line":316,"column":10},"end":{"line":318,"column":39}},"type":"cond-expr","locations":[{"start":{"line":317,"column":14},"end":{"line":317,"column":22}},{"start":{"line":318,"column":14},"end":{"line":318,"column":39}}],"line":316},"20":{"loc":{"start":{"line":335,"column":15},"end":{"line":337,"column":96}},"type":"cond-expr","locations":[{"start":{"line":336,"column":14},"end":{"line":336,"column":27}},{"start":{"line":337,"column":14},"end":{"line":337,"column":96}}],"line":335},"21":{"loc":{"start":{"line":355,"column":11},"end":{"line":357,"column":54}},"type":"cond-expr","locations":[{"start":{"line":356,"column":10},"end":{"line":356,"column":17}},{"start":{"line":357,"column":10},"end":{"line":357,"column":54}}],"line":355}},"s":{"0":2,"1":2,"2":2,"3":2,"4":2,"5":2,"6":2,"7":2,"8":2,"9":2,"10":2,"11":2,"12":2,"13":2,"14":2,"15":2,"16":2,"17":2,"18":2,"19":2,"20":2,"21":2,"22":2,"23":6,"24":2,"25":2,"26":4,"27":6,"28":6,"29":6,"30":6,"31":6,"32":6,"33":6,"34":6,"35":6,"36":0,"37":0,"38":0,"39":0,"40":0,"41":0,"42":0,"43":0,"44":0,"45":0,"46":0,"47":0,"48":2,"49":2,"50":2,"51":0,"52":0,"53":0,"54":0,"55":0,"56":0,"57":0,"58":0,"59":0,"60":0,"61":0,"62":0,"63":0,"64":0,"65":0,"66":0,"67":0,"68":0,"69":0,"70":0,"71":0,"72":0,"73":0,"74":0,"75":0,"76":0,"77":0,"78":0},"f":{"0":6,"1":2,"2":2,"3":4,"4":6,"5":0,"6":0,"7":0,"8":0,"9":0,"10":0,"11":0,"12":0,"13":0,"14":2,"15":0,"16":0,"17":0,"18":0,"19":0,"20":0,"21":0,"22":0,"23":0,"24":0,"25":0,"26":0,"27":0,"28":0,"29":0,"30":0,"31":0,"32":0,"33":0,"34":0,"35":0,"36":0,"37":0},"b":{"0":[0,0],"1":[0,0],"2":[0,0],"3":[0,0],"4":[0,0],"5":[0,0],"6":[0,0],"7":[0,0],"8":[0,0],"9":[0,0],"10":[0,0],"11":[0,0],"12":[0,0],"13":[0,0],"14":[0,0],"15":[0,0],"16":[0,0],"17":[0,0],"18":[0,0],"19":[0,0],"20":[0,0],"21":[0,0]},"inputSourceMap":null,"_coverageSchema":"1a1c01bbd47fc00a2c39e90264f33305004495a9","hash":"4d718c0cec4ca604d8a1f9be50d97aaf3e32bf6b"}
}
