TN:
SF:..\src\adj_nodes.ts
FN:11,is_adj_node
FN:17,(anonymous_1)
FNF:2
FNH:2
FNDA:2,is_adj_node
FNDA:2,(anonymous_1)
DA:1,1
DA:11,1
DA:12,2
DA:13,2
DA:14,0
DA:17,2
DA:18,2
DA:19,1
DA:23,2
LF:9
LH:8
BRDA:13,0,0,0
BRDA:18,1,0,1
BRF:2
BRH:1
end_of_record
TN:
SF:..\src\click.ts
FN:24,get_clicked_node_index
FN:47,mouse_in_rectangle
FN:59,clicked_on_node
FN:68,(anonymous_3)
FN:68,(anonymous_4)
FN:80,place_object_click_on
FN:121,shop_item_block_click_on
FN:147,inventory_item_click_on
FN:164,submit_beavers_click_on
FN:175,return_to_game_click_on_function
FN:207,remove_shop_screen
FNF:11
FNH:7
FNDA:0,get_clicked_node_index
FNDA:2,mouse_in_rectangle
FNDA:1,clicked_on_node
FNDA:1,(anonymous_3)
FNDA:0,(anonymous_4)
FNDA:1,place_object_click_on
FNDA:1,shop_item_block_click_on
FNDA:1,inventory_item_click_on
FNDA:1,submit_beavers_click_on
FNDA:0,return_to_game_click_on_function
FNDA:0,remove_shop_screen
DA:3,1
DA:4,1
DA:5,1
DA:6,1
DA:7,1
DA:8,1
DA:9,1
DA:10,1
DA:11,1
DA:12,1
DA:24,1
DA:25,0
DA:26,0
DA:27,0
DA:28,0
DA:29,0
DA:30,0
DA:33,0
DA:47,1
DA:48,2
DA:49,1
DA:51,1
DA:59,1
DA:61,1
DA:62,1
DA:63,1
DA:65,1
DA:66,1
DA:67,1
DA:68,1
DA:69,1
DA:70,1
DA:80,1
DA:82,1
DA:84,0
DA:85,0
DA:86,0
DA:88,0
DA:91,1
DA:92,1
DA:93,1
DA:94,1
DA:97,1
DA:98,1
DA:102,0
DA:103,0
DA:104,0
DA:105,0
DA:107,0
DA:108,0
DA:121,1
DA:122,1
DA:124,1
DA:126,1
DA:127,1
DA:128,1
DA:129,1
DA:131,0
DA:134,1
DA:136,1
DA:137,1
DA:138,1
DA:147,1
DA:149,1
DA:151,1
DA:153,1
DA:155,1
DA:156,1
DA:158,1
DA:159,0
DA:164,1
DA:165,1
DA:167,1
DA:169,1
DA:170,1
DA:172,1
DA:175,1
DA:176,0
DA:177,0
DA:178,0
DA:181,0
DA:182,0
DA:184,0
DA:185,0
DA:187,0
DA:188,0
DA:193,0
DA:194,0
DA:197,0
DA:198,0
DA:207,1
DA:208,0
DA:209,0
DA:210,0
DA:211,0
DA:212,0
DA:213,0
DA:214,0
DA:216,0
DA:217,0
DA:218,0
LF:101
LH:59
BRDA:29,0,0,0
BRDA:48,1,0,1
BRDA:48,2,0,2
BRDA:48,2,1,1
BRDA:48,2,2,1
BRDA:48,2,3,1
BRDA:66,3,0,1
BRDA:82,4,0,0
BRDA:82,5,0,1
BRDA:82,5,1,0
BRDA:82,6,0,0
BRDA:82,6,1,1
BRDA:82,7,0,1
BRDA:82,7,1,1
BRDA:91,8,0,1
BRDA:91,8,1,0
BRDA:92,9,0,1
BRDA:103,10,0,0
BRDA:105,11,0,0
BRDA:124,12,0,1
BRDA:124,13,0,1
BRDA:124,13,1,1
BRDA:128,14,0,1
BRDA:155,15,0,1
BRDA:155,16,0,1
BRDA:155,16,1,1
BRDA:155,17,0,0
BRDA:155,17,1,1
BRDA:155,18,0,1
BRDA:155,18,1,1
BRDA:158,19,0,0
BRDA:158,20,0,1
BRDA:158,20,1,0
BRDA:158,21,0,0
BRDA:158,21,1,1
BRDA:158,22,0,1
BRDA:158,22,1,1
BRDA:169,23,0,1
BRDA:177,24,0,0
BRDA:177,25,0,0
BRDA:177,25,1,0
BRDA:177,26,0,0
BRDA:177,26,1,0
BRDA:181,27,0,0
BRDA:181,27,1,0
BRDA:185,28,0,0
BRDA:187,29,0,0
BRDA:193,30,0,0
BRDA:193,30,1,0
BRDA:211,31,0,0
BRDA:213,32,0,0
BRF:51
BRH:27
end_of_record
TN:
SF:..\src\contructors.ts
FN:17,construct_collectable
FN:30,construct_inode
FN:43,construct_node_object
FN:67,construct_rectangle
FN:75,test_trap_constructor
FN:83,construct_level_1_trap
FN:91,construct_dagger
FN:92,(anonymous_7)
FN:92,(anonymous_8)
FN:99,construct_ring
FN:100,(anonymous_10)
FN:100,(anonymous_11)
FN:108,construct_wolf
FN:119,construct_detective
FN:133,construct_inventory_items
FN:144,construct_shop_item_block
FN:157,construct_beaver_icon_animations
FN:167,(anonymous_17)
FN:174,(anonymous_18)
FN:185,construct_beaver_move_function
FN:192,(anonymous_20)
FNF:21
FNH:10
FNDA:4,construct_collectable
FNDA:4,construct_inode
FNDA:27,construct_node_object
FNDA:16,construct_rectangle
FNDA:3,test_trap_constructor
FNDA:6,construct_level_1_trap
FNDA:3,construct_dagger
FNDA:0,(anonymous_7)
FNDA:0,(anonymous_8)
FNDA:4,construct_ring
FNDA:0,(anonymous_10)
FNDA:0,(anonymous_11)
FNDA:0,construct_wolf
FNDA:0,construct_detective
FNDA:5,construct_inventory_items
FNDA:6,construct_shop_item_block
FNDA:0,construct_beaver_icon_animations
FNDA:0,(anonymous_17)
FNDA:0,(anonymous_18)
FNDA:0,construct_beaver_move_function
FNDA:0,(anonymous_20)
DA:4,1
DA:5,1
DA:6,1
DA:7,1
DA:8,1
DA:17,1
DA:18,4
DA:30,1
DA:31,4
DA:43,1
DA:44,27
DA:67,1
DA:68,16
DA:75,1
DA:76,3
DA:83,1
DA:84,6
DA:91,1
DA:92,3
DA:99,1
DA:100,4
DA:108,1
DA:109,0
DA:110,0
DA:111,0
DA:119,1
DA:120,0
DA:121,0
DA:122,0
DA:133,1
DA:134,5
DA:144,1
DA:145,6
DA:157,1
DA:158,0
DA:159,0
DA:161,0
DA:163,0
DA:164,0
DA:165,0
DA:167,0
DA:168,0
DA:172,0
DA:174,0
DA:175,0
DA:185,1
DA:187,0
DA:188,0
DA:189,0
DA:190,0
DA:191,0
DA:192,0
DA:194,0
DA:195,0
DA:196,0
DA:197,0
DA:199,0
DA:200,0
DA:201,0
DA:202,0
DA:203,0
DA:207,0
DA:208,0
DA:211,0
DA:212,0
DA:213,0
DA:214,0
DA:216,0
DA:217,0
DA:218,0
DA:220,0
DA:221,0
DA:222,0
DA:225,0
DA:226,0
DA:227,0
DA:230,0
DA:231,0
LF:78
LH:29
BRDA:43,0,0,6
BRDA:163,1,0,0
BRDA:163,1,1,0
BRDA:163,2,0,0
BRDA:163,2,1,0
BRDA:167,3,0,0
BRDA:174,4,0,0
BRDA:194,5,0,0
BRDA:196,6,0,0
BRDA:196,7,0,0
BRDA:196,7,1,0
BRDA:199,8,0,0
BRDA:211,9,0,0
BRDA:211,10,0,0
BRDA:211,10,1,0
BRDA:216,11,0,0
BRDA:216,11,1,0
BRDA:225,12,0,0
BRF:18
BRH:1
end_of_record
TN:
SF:..\src\detective.ts
FN:9,detective_walk
FN:37,get_detective_nodes_indexes
FNF:2
FNH:1
FNDA:1,detective_walk
FNDA:0,get_detective_nodes_indexes
DA:1,1
DA:9,1
DA:10,1
DA:11,1
DA:12,1
DA:13,1
DA:17,0
DA:19,0
DA:21,0
DA:23,0
DA:24,0
DA:25,0
DA:37,1
DA:39,0
DA:41,0
DA:42,0
DA:43,0
DA:45,0
DA:46,0
DA:50,0
LF:20
LH:7
BRDA:13,0,0,0
BRDA:13,1,0,1
BRDA:13,1,1,0
BRDA:24,2,0,0
BRDA:45,3,0,0
BRF:5
BRH:1
end_of_record
TN:
SF:..\src\draw.ts
FN:18,draw
FN:49,applyOldMovieFilter
FN:117,game_draw
FN:128,draw_inventory
FN:168,draw_ui_elements
FN:170,current_round_text
FN:174,draw_player_collectables
FN:182,draw_beaver_quota
FN:200,list_graph_draw
FN:204,draw_lines_and_arrows
FN:215,(anonymous_10)
FN:229,draw_arrow
FN:255,(anonymous_12)
FN:269,draw_nodes
FN:295,draw_node_objects
FN:308,draw_icon_animations
FN:327,draw_gui_rectangles
FN:342,draw_default_text_style
FN:357,draw_gui_rectangle
FN:379,draw_shop_gui
FN:392,draw_shop_block_item_blocks
FN:412,draw_game_over_screen
FN:426,draw_win_screen
FNF:23
FNH:0
FNDA:0,draw
FNDA:0,applyOldMovieFilter
FNDA:0,game_draw
FNDA:0,draw_inventory
FNDA:0,draw_ui_elements
FNDA:0,current_round_text
FNDA:0,draw_player_collectables
FNDA:0,draw_beaver_quota
FNDA:0,list_graph_draw
FNDA:0,draw_lines_and_arrows
FNDA:0,(anonymous_10)
FNDA:0,draw_arrow
FNDA:0,(anonymous_12)
FNDA:0,draw_nodes
FNDA:0,draw_node_objects
FNDA:0,draw_icon_animations
FNDA:0,draw_gui_rectangles
FNDA:0,draw_default_text_style
FNDA:0,draw_gui_rectangle
FNDA:0,draw_shop_gui
FNDA:0,draw_shop_block_item_blocks
FNDA:0,draw_game_over_screen
FNDA:0,draw_win_screen
DA:1,1
DA:3,1
DA:4,1
DA:7,1
DA:9,1
DA:10,1
DA:18,1
DA:19,0
DA:22,0
DA:23,0
DA:24,0
DA:26,0
DA:27,0
DA:30,0
DA:31,0
DA:32,0
DA:33,0
DA:36,0
DA:37,0
DA:50,0
DA:51,0
DA:55,0
DA:56,0
DA:57,0
DA:59,0
DA:60,0
DA:61,0
DA:62,0
DA:63,0
DA:64,0
DA:67,0
DA:68,0
DA:69,0
DA:70,0
DA:71,0
DA:72,0
DA:76,0
DA:77,0
DA:78,0
DA:79,0
DA:80,0
DA:81,0
DA:82,0
DA:83,0
DA:84,0
DA:85,0
DA:90,0
DA:95,0
DA:96,0
DA:97,0
DA:98,0
DA:117,1
DA:118,0
DA:119,0
DA:120,0
DA:129,0
DA:130,0
DA:131,0
DA:132,0
DA:133,0
DA:135,0
DA:136,0
DA:137,0
DA:138,0
DA:139,0
DA:141,0
DA:143,0
DA:145,0
DA:146,0
DA:151,0
DA:156,0
DA:157,0
DA:168,1
DA:171,0
DA:175,0
DA:178,0
DA:183,0
DA:184,0
DA:185,0
DA:189,0
DA:190,0
DA:191,0
DA:200,1
DA:205,0
DA:206,0
DA:209,0
DA:210,0
DA:211,0
DA:213,0
DA:215,0
DA:217,0
DA:218,0
DA:219,0
DA:222,0
DA:223,0
DA:224,0
DA:225,0
DA:226,0
DA:227,0
DA:230,0
DA:231,0
DA:232,0
DA:233,0
DA:234,0
DA:238,0
DA:239,0
DA:240,0
DA:241,0
DA:242,0
DA:246,0
DA:247,0
DA:248,0
DA:249,0
DA:250,0
DA:255,0
DA:256,0
DA:257,0
DA:261,0
DA:270,0
DA:271,0
DA:272,0
DA:273,0
DA:274,0
DA:276,0
DA:277,0
DA:279,0
DA:280,0
DA:282,0
DA:283,0
DA:285,0
DA:287,0
DA:288,0
DA:296,0
DA:297,0
DA:298,0
DA:299,0
DA:300,0
DA:309,0
DA:310,0
DA:311,0
DA:312,0
DA:316,0
DA:317,0
DA:318,0
DA:319,0
DA:327,1
DA:329,0
DA:330,0
DA:342,1
DA:343,0
DA:344,0
DA:345,0
DA:346,0
DA:347,0
DA:348,0
DA:349,0
DA:357,1
DA:359,0
DA:360,0
DA:361,0
DA:363,0
DA:364,0
DA:365,0
DA:366,0
DA:367,0
DA:368,0
DA:369,0
DA:370,0
DA:379,1
DA:380,0
DA:381,0
DA:383,0
DA:392,1
DA:393,0
DA:394,0
DA:395,0
DA:397,0
DA:401,0
DA:402,0
DA:403,0
DA:412,1
DA:414,0
DA:415,0
DA:416,0
DA:426,1
DA:427,0
DA:428,0
DA:429,0
LF:188
LH:17
BRDA:19,0,0,0
BRDA:23,1,0,0
BRDA:23,1,1,0
BRDA:26,2,0,0
BRDA:26,2,1,0
BRDA:32,3,0,0
BRDA:50,4,0,0
BRDA:50,5,0,0
BRDA:50,5,1,0
BRDA:50,5,2,0
BRDA:76,6,0,0
BRDA:133,7,0,0
BRDA:143,8,0,0
BRDA:143,9,0,0
BRDA:143,9,1,0
BRDA:143,10,0,0
BRDA:143,10,1,0
BRDA:246,11,0,0
BRDA:248,12,0,0
BRDA:255,13,0,0
BRDA:342,14,0,0
BRF:21
BRH:0
end_of_record
TN:
SF:..\src\draw_functions.ts
FN:6,draw_icon
FN:12,draw_beaver_icon
FN:16,draw_dagger_icon
FN:20,draw_ring_icon
FN:24,draw_shop_icon
FN:28,draw_trap_icon
FN:32,draw_trap1_icon
FN:36,draw_wolf_icon
FN:40,draw_detective_icon
FN:44,draw_daughter_icon
FN:48,draw_player_icon
FN:61,trap_draw_function
FN:84,lvl_1_trap_draw_function
FN:109,dagger_draw_function
FN:123,wolf_draw_function
FN:148,detective_draw_function
FN:161,shop_draw_function
FN:179,player_draw_function
FN:197,ring_draw_function
FN:210,draw_daughter
FNF:20
FNH:0
FNDA:0,draw_icon
FNDA:0,draw_beaver_icon
FNDA:0,draw_dagger_icon
FNDA:0,draw_ring_icon
FNDA:0,draw_shop_icon
FNDA:0,draw_trap_icon
FNDA:0,draw_trap1_icon
FNDA:0,draw_wolf_icon
FNDA:0,draw_detective_icon
FNDA:0,draw_daughter_icon
FNDA:0,draw_player_icon
FNDA:0,trap_draw_function
FNDA:0,lvl_1_trap_draw_function
FNDA:0,dagger_draw_function
FNDA:0,wolf_draw_function
FNDA:0,detective_draw_function
FNDA:0,shop_draw_function
FNDA:0,player_draw_function
FNDA:0,ring_draw_function
FNDA:0,draw_daughter
DA:1,1
DA:6,1
DA:7,0
DA:8,0
DA:9,0
DA:12,1
DA:13,0
DA:16,1
DA:17,0
DA:20,1
DA:21,0
DA:24,1
DA:25,0
DA:28,1
DA:29,0
DA:32,1
DA:33,0
DA:36,1
DA:37,0
DA:40,1
DA:41,0
DA:44,1
DA:45,0
DA:48,1
DA:49,0
DA:61,1
DA:64,0
DA:65,0
DA:66,0
DA:67,0
DA:68,0
DA:69,0
DA:70,0
DA:73,0
DA:84,1
DA:86,0
DA:87,0
DA:88,0
DA:89,0
DA:91,0
DA:92,0
DA:93,0
DA:96,0
DA:109,1
DA:110,0
DA:111,0
DA:123,1
DA:125,0
DA:126,0
DA:127,0
DA:128,0
DA:129,0
DA:130,0
DA:132,0
DA:133,0
DA:134,0
DA:135,0
DA:136,0
DA:137,0
DA:148,1
DA:150,0
DA:151,0
DA:161,1
DA:162,0
DA:163,0
DA:164,0
DA:165,0
DA:166,0
DA:167,0
DA:168,0
DA:179,1
DA:180,0
DA:181,0
DA:182,0
DA:183,0
DA:184,0
DA:185,0
DA:186,0
DA:197,1
DA:198,0
DA:199,0
DA:210,1
DA:217,0
DA:218,0
LF:84
LH:21
BRDA:68,0,0,0
BRDA:91,1,0,0
BRDA:129,2,0,0
BRF:3
BRH:0
end_of_record
TN:
SF:..\src\graph_generation.ts
FN:19,create_daughter_node
FN:22,(anonymous_1)
FN:22,(anonymous_2)
FN:39,build_first_layer_connections
FN:69,build_middle_layer_connections
FN:94,build_last_layer_connections
FN:117,build_connections
FN:144,generate_array_with_random_integers
FN:156,construct_node_on_circle_step_layer
FN:160,(anonymous_9)
FN:180,generate_x_y
FN:234,(anonymous_11)
FN:238,(anonymous_12)
FNF:13
FNH:0
FNDA:0,create_daughter_node
FNDA:0,(anonymous_1)
FNDA:0,(anonymous_2)
FNDA:0,build_first_layer_connections
FNDA:0,build_middle_layer_connections
FNDA:0,build_last_layer_connections
FNDA:0,build_connections
FNDA:0,generate_array_with_random_integers
FNDA:0,construct_node_on_circle_step_layer
FNDA:0,(anonymous_9)
FNDA:0,generate_x_y
FNDA:0,(anonymous_11)
FNDA:0,(anonymous_12)
DA:2,1
DA:3,1
DA:4,1
DA:5,1
DA:7,1
DA:8,1
DA:19,1
DA:20,0
DA:22,0
DA:23,0
DA:25,0
DA:26,0
DA:43,0
DA:45,0
DA:48,0
DA:52,0
DA:53,0
DA:56,0
DA:71,0
DA:73,0
DA:76,0
DA:77,0
DA:78,0
DA:82,0
DA:98,0
DA:100,0
DA:103,0
DA:106,0
DA:122,0
DA:123,0
DA:126,0
DA:127,0
DA:130,0
DA:133,0
DA:146,0
DA:148,0
DA:149,0
DA:152,0
DA:159,0
DA:160,0
DA:163,0
DA:164,0
DA:167,0
DA:180,1
DA:183,0
DA:184,0
DA:185,0
DA:186,0
DA:187,0
DA:188,0
DA:192,0
DA:195,0
DA:197,0
DA:199,0
DA:202,0
DA:205,0
DA:211,0
DA:212,0
DA:215,0
DA:218,0
DA:221,0
DA:227,0
DA:233,0
DA:234,0
DA:238,0
LF:65
LH:8
BRDA:43,0,0,0
BRDA:43,0,1,0
BRDA:52,1,0,0
BRDA:77,2,0,0
BRDA:98,3,0,0
BRDA:98,3,1,0
BRDA:122,4,0,0
BRDA:122,4,1,0
BRDA:126,5,0,0
BRDA:126,5,1,0
BRDA:159,6,0,0
BRDA:159,6,1,0
BRDA:159,7,0,0
BRDA:159,7,1,0
BRDA:163,8,0,0
BRDA:163,8,1,0
BRDA:163,9,0,0
BRDA:163,9,1,0
BRDA:234,10,0,0
BRDA:234,10,1,0
BRF:20
BRH:0
end_of_record
TN:
SF:..\src\id_array.ts
FN:8,remove_id_arrray
FN:24,find_id_arrray
FN:39,in_inventory
FNF:3
FNH:3
FNDA:4,remove_id_arrray
FNDA:2,find_id_arrray
FNDA:1,in_inventory
DA:8,1
DA:9,4
DA:10,1
DA:11,1
DA:12,1
DA:24,1
DA:25,2
DA:26,2
DA:27,2
DA:28,2
DA:39,1
DA:40,1
DA:41,1
DA:42,1
DA:45,0
LF:15
LH:14
BRDA:11,0,0,1
BRDA:27,1,0,2
BRDA:41,2,0,1
BRDA:41,3,0,0
BRDA:41,3,1,1
BRDA:41,4,0,1
BRDA:41,4,1,1
BRF:7
BRH:6
end_of_record
TN:
SF:..\src\music.ts
FN:8,play_music
FN:15,(anonymous_1)
FN:16,(anonymous_2)
FN:19,(anonymous_3)
FN:30,stop_music
FNF:5
FNH:0
FNDA:0,play_music
FNDA:0,(anonymous_1)
FNDA:0,(anonymous_2)
FNDA:0,(anonymous_3)
FNDA:0,stop_music
DA:8,1
DA:9,0
DA:10,0
DA:11,0
DA:12,0
DA:13,0
DA:15,0
DA:16,0
DA:17,0
DA:20,0
DA:22,0
DA:30,1
DA:32,0
DA:33,0
DA:34,0
LF:15
LH:2
BRF:0
BRH:0
end_of_record
TN:
SF:..\src\node_objects.ts
FN:11,remove_node_object
FN:26,step_on_node
FN:38,node_activate_round_end
FNF:3
FNH:3
FNDA:2,remove_node_object
FNDA:2,step_on_node
FNDA:1,node_activate_round_end
DA:11,1
DA:12,2
DA:13,2
DA:14,3
DA:15,1
DA:18,2
DA:26,1
DA:27,2
DA:28,4
DA:38,1
DA:39,1
DA:40,3
LF:12
LH:12
BRDA:14,0,0,1
BRF:1
BRH:1
end_of_record
TN:
SF:..\src\round_end_functions.ts
FN:13,trap_round_end
FN:24,check_quota
FN:49,lvl_1_trap_end
FN:59,detective_end
FN:68,wolf_end
FNF:5
FNH:0
FNDA:0,trap_round_end
FNDA:0,check_quota
FNDA:0,lvl_1_trap_end
FNDA:0,detective_end
FNDA:0,wolf_end
DA:5,1
DA:13,1
DA:14,0
DA:15,0
DA:24,1
DA:25,0
DA:27,0
DA:29,0
DA:31,0
DA:32,0
DA:33,0
DA:36,0
DA:37,0
DA:40,0
DA:49,1
DA:50,0
DA:53,0
DA:54,0
DA:55,0
DA:59,1
DA:68,1
DA:69,0
DA:71,0
LF:23
LH:6
BRDA:14,0,0,0
BRDA:27,1,0,0
BRDA:36,2,0,0
BRDA:69,3,0,0
BRF:4
BRH:0
end_of_record
TN:
SF:..\src\screens.ts
FNF:0
FNH:0
DA:2,1
DA:3,1
DA:4,1
DA:8,1
DA:14,1
DA:20,1
DA:26,1
LF:7
LH:7
BRF:0
BRH:0
end_of_record
TN:
SF:..\src\setup_game_state.ts
FN:27,get_base_game_state
FN:28,random_shop_index
FNF:2
FNH:0
FNDA:0,get_base_game_state
FNDA:0,random_shop_index
DA:4,1
DA:5,1
DA:6,1
DA:7,1
DA:10,1
DA:12,1
DA:14,1
DA:20,1
DA:27,1
DA:29,0
DA:30,0
DA:31,0
DA:36,0
DA:39,0
DA:43,0
DA:46,0
DA:49,0
DA:53,0
DA:56,0
DA:59,0
DA:62,0
LF:21
LH:9
BRF:0
BRH:0
end_of_record
TN:
SF:..\src\shop_block_item_blocks.ts
FN:10,construct_shop_block_item_block_ring
FN:22,construct_shop_block_item_block_test_trap
FN:34,construct_shop_block_item_block_lvl_1_trap
FN:46,construct_shop_block_item_block_dagger
FNF:4
FNH:4
FNDA:1,construct_shop_block_item_block_ring
FNDA:1,construct_shop_block_item_block_test_trap
FNDA:1,construct_shop_block_item_block_lvl_1_trap
FNDA:1,construct_shop_block_item_block_dagger
DA:1,1
DA:2,1
DA:10,1
DA:11,1
DA:12,1
DA:13,1
DA:14,1
DA:22,1
DA:23,1
DA:24,1
DA:25,1
DA:26,1
DA:34,1
DA:35,1
DA:36,1
DA:37,1
DA:38,1
DA:46,1
DA:47,1
DA:48,1
DA:49,1
DA:50,1
LF:22
LH:22
BRF:0
BRH:0
end_of_record
TN:
SF:..\src\step_on_functions.ts
FN:22,construct_shop_return_to_game_button
FN:30,generate_shop_items
FN:65,shop_step_on
FN:99,trap_step_on
FN:100,(anonymous_4)
FN:113,wolf_step_on
FN:142,detective_step_on
FNF:7
FNH:0
FNDA:0,construct_shop_return_to_game_button
FNDA:0,generate_shop_items
FNDA:0,shop_step_on
FNDA:0,trap_step_on
FNDA:0,(anonymous_4)
FNDA:0,wolf_step_on
FNDA:0,detective_step_on
DA:2,1
DA:3,1
DA:4,1
DA:5,1
DA:6,1
DA:9,1
DA:10,1
DA:15,1
DA:23,0
DA:31,0
DA:32,0
DA:33,0
DA:35,0
DA:38,0
DA:39,0
DA:40,0
DA:43,0
DA:44,0
DA:45,0
DA:48,0
DA:49,0
DA:50,0
DA:53,0
DA:54,0
DA:55,0
DA:65,1
DA:67,0
DA:68,0
DA:70,0
DA:71,0
DA:72,0
DA:76,0
DA:77,0
DA:79,0
DA:80,0
DA:81,0
DA:84,0
DA:85,0
DA:88,0
DA:89,0
DA:99,1
DA:100,0
DA:101,0
DA:102,0
DA:113,1
DA:114,0
DA:116,0
DA:117,0
DA:118,0
DA:119,0
DA:120,0
DA:121,0
DA:122,0
DA:125,0
DA:128,0
DA:131,0
DA:132,0
DA:133,0
DA:142,1
DA:143,0
DA:144,0
DA:145,0
LF:62
LH:12
BRDA:38,0,0,0
BRDA:38,1,0,0
BRDA:38,1,1,0
BRDA:38,1,2,0
BRDA:43,2,0,0
BRDA:48,3,0,0
BRDA:53,4,0,0
BRDA:117,5,0,0
BRDA:118,6,0,0
BRDA:121,7,0,0
BRDA:132,8,0,0
BRDA:144,9,0,0
BRF:12
BRH:0
end_of_record
TN:
SF:..\src\lib\list.js
FN:34,pair
FN:42,head
FN:50,tail
FN:58,is_null
FN:68,list
FN:85,empty_list
FN:94,to_string
FN:95,print
FN:115,length
FN:116,$length
FN:130,map
FN:131,$map
FN:146,build_list
FN:147,$build_list
FN:162,for_each
FN:175,reverse
FN:176,$reverse
FN:192,append
FN:193,$append
FN:196,(anonymous_19)
FN:198,(anonymous_20)
FN:209,member
FN:224,remove
FN:225,$remove
FN:245,remove_all
FN:246,$remove_all
FN:267,filter
FN:268,$filter
FN:284,all
FN:294,enum_list
FN:295,$enum_list
FN:313,list_ref
FN:333,accumulate
FN:334,$accumulate
FN:337,(anonymous_34)
FN:339,(anonymous_35)
FN:354,fold_left
FN:365,flatten
FNF:38
FNH:6
FNDA:3,pair
FNDA:2,head
FNDA:2,tail
FNDA:4,is_null
FNDA:3,list
FNDA:0,empty_list
FNDA:0,to_string
FNDA:0,print
FNDA:0,length
FNDA:0,$length
FNDA:0,map
FNDA:0,$map
FNDA:0,build_list
FNDA:0,$build_list
FNDA:2,for_each
FNDA:0,reverse
FNDA:0,$reverse
FNDA:0,append
FNDA:0,$append
FNDA:0,(anonymous_19)
FNDA:0,(anonymous_20)
FNDA:0,member
FNDA:0,remove
FNDA:0,$remove
FNDA:0,remove_all
FNDA:0,$remove_all
FNDA:0,filter
FNDA:0,$filter
FNDA:0,all
FNDA:0,enum_list
FNDA:0,$enum_list
FNDA:0,list_ref
FNDA:0,accumulate
FNDA:0,$accumulate
FNDA:0,(anonymous_34)
FNDA:0,(anonymous_35)
FNDA:0,fold_left
FNDA:0,flatten
DA:3,1
DA:4,1
DA:5,1
DA:6,1
DA:7,1
DA:8,1
DA:9,1
DA:10,1
DA:11,1
DA:12,1
DA:13,1
DA:14,1
DA:15,1
DA:16,1
DA:17,1
DA:18,1
DA:19,1
DA:20,1
DA:21,1
DA:22,1
DA:23,1
DA:24,1
DA:25,1
DA:35,3
DA:43,2
DA:51,2
DA:59,4
DA:69,3
DA:70,3
DA:71,3
DA:73,3
DA:74,3
DA:75,3
DA:77,3
DA:86,0
DA:96,0
DA:97,0
DA:101,0
DA:102,0
DA:105,0
DA:117,0
DA:119,0
DA:132,0
DA:136,0
DA:148,0
DA:152,0
DA:163,2
DA:164,2
DA:165,2
DA:177,0
DA:181,0
DA:194,0
DA:196,0
DA:198,0
DA:210,0
DA:227,0
DA:228,0
DA:229,0
DA:235,0
DA:248,0
DA:249,0
DA:250,0
DA:256,0
DA:269,0
DA:275,0
DA:285,0
DA:297,0
DA:298,0
DA:302,0
DA:314,0
DA:335,0
DA:337,0
DA:339,0
DA:355,0
DA:366,0
LF:75
LH:37
BRDA:97,0,0,0
BRDA:97,0,1,0
BRDA:101,1,0,0
BRDA:101,1,1,0
BRDA:117,2,0,0
BRDA:117,2,1,0
BRDA:132,3,0,0
BRDA:132,3,1,0
BRDA:148,4,0,0
BRDA:148,4,1,0
BRDA:177,5,0,0
BRDA:177,5,1,0
BRDA:194,6,0,0
BRDA:194,6,1,0
BRDA:210,7,0,0
BRDA:210,7,1,0
BRDA:212,8,0,0
BRDA:212,8,1,0
BRDA:229,9,0,0
BRDA:229,9,1,0
BRDA:231,10,0,0
BRDA:231,10,1,0
BRDA:250,11,0,0
BRDA:250,11,1,0
BRDA:252,12,0,0
BRDA:252,12,1,0
BRDA:269,13,0,0
BRDA:269,13,1,0
BRDA:271,14,0,0
BRDA:271,14,1,0
BRDA:285,15,0,0
BRDA:285,15,1,0
BRDA:285,16,0,0
BRDA:285,16,1,0
BRDA:298,17,0,0
BRDA:298,17,1,0
BRDA:314,18,0,0
BRDA:314,18,1,0
BRDA:316,19,0,0
BRDA:316,19,1,0
BRDA:335,20,0,0
BRDA:335,20,1,0
BRDA:355,21,0,0
BRDA:355,21,1,0
BRF:44
BRH:0
end_of_record
